#
# A fatal error has been detected by the Java Runtime Environment:
#
#  EXCEPTION_ACCESS_VIOLATION (0xc0000005) at pc=0x00007fffcfe844e2, pid=12488, tid=5276
#
# JRE version: Java(TM) SE Runtime Environment (17.0.1+12) (build 17.0.1+12-LTS-39)
# Java VM: Java HotSpot(TM) 64-Bit Server VM (17.0.1+12-LTS-39, mixed mode, sharing, tiered, compressed oops, compressed class ptrs, g1 gc, windows-amd64)
# Problematic frame:
# C  [ig12icd64.dll+0x2744e2]
#
# No core dump will be written. Minidumps are not enabled by default on client versions of Windows
#
# If you would like to submit a bug report, please visit:
#   https://bugreport.java.com/bugreport/crash.jsp
#

---------------  S U M M A R Y ------------

Command Line: -javaagent:C:\Program Files\JetBrains\IntelliJ IDEA 2021.2.3\lib\idea_rt.jar=50486:C:\Program Files\JetBrains\IntelliJ IDEA 2021.2.3\bin -Dfile.encoding=UTF-8 launcher.Launcher

Host: 11th Gen Intel(R) Core(TM) i5-1135G7 @ 2.40GHz, 8 cores, 7G,  Windows 10 , 64 bit Build 19041 (10.0.19041.1503)
Time: Wed Mar  2 20:50:02 2022 Central European Standard Time elapsed time: 4.024999 seconds (0d 0h 0m 4s)

---------------  T H R E A D  ---------------

Current thread (0x000001e1c8d9ab40):  VMThread "VM Thread" [stack: 0x000000c2f3400000,0x000000c2f3500000] [id=5276]

Stack: [0x000000c2f3400000,0x000000c2f3500000],  sp=0x000000c2f34fe830,  free space=1018k
Native frames: (J=compiled Java code, j=interpreted, Vv=VM code, C=native code)
C  [ig12icd64.dll+0x2744e2]


siginfo: EXCEPTION_ACCESS_VIOLATION (0xc0000005), reading address 0x00000000000351e8


Register to memory mapping:

RIP=0x00007fffcfe844e2 ig12icd64.dll
RAX=0x0 is NULL
RBX=0x000001e1d228a740 points into unknown readable memory: 0x000001e1aaebfae0 | e0 fa eb aa e1 01 00 00
RCX=0x000001e1d228a840 points into unknown readable memory: 0x0000000000000028 | 28 00 00 00 00 00 00 00
RDX=0x0000000000000001 is an unknown value
RSP=0x000000c2f34fe830 points into unknown readable memory: 0x000001e1ca0d5e40 | 40 5e 0d ca e1 01 00 00
RBP=0x000000c2f34fe930 points into unknown readable memory: 0x000000c2f34fe9b8 | b8 e9 4f f3 c2 00 00 00
RSI=0x000001e1d228abd0 points into unknown readable memory: 0x0000000000000000 | 00 00 00 00 00 00 00 00
RDI=0x000001e1c9c59140 points into unknown readable memory: 0x00007ff82ce82f00 | 00 2f e8 2c f8 7f 00 00
R8 =0x000001e1d228a808 points into unknown readable memory: 0x0000000000000000 | 00 00 00 00 00 00 00 00
R9 =0x0 is NULL
R10=0x0 is NULL
R11=0x0000000000000246 is an unknown value
R12=0x0 is NULL
R13=0x000001e1d228a740 points into unknown readable memory: 0x000001e1aaebfae0 | e0 fa eb aa e1 01 00 00
R14=0x0 is NULL
R15=0x0 is NULL


Registers:
RAX=0x0000000000000000, RBX=0x000001e1d228a740, RCX=0x000001e1d228a840, RDX=0x0000000000000001
RSP=0x000000c2f34fe830, RBP=0x000000c2f34fe930, RSI=0x000001e1d228abd0, RDI=0x000001e1c9c59140
R8 =0x000001e1d228a808, R9 =0x0000000000000000, R10=0x0000000000000000, R11=0x0000000000000246
R12=0x0000000000000000, R13=0x000001e1d228a740, R14=0x0000000000000000, R15=0x0000000000000000
RIP=0x00007fffcfe844e2, EFLAGS=0x0000000000010202

Top of Stack: (sp=0x000000c2f34fe830)
0x000000c2f34fe830:   000001e1ca0d5e40 000001e1ca0d8f80
0x000000c2f34fe840:   00000021504e0001 000001e1cd190000
0x000000c2f34fe850:   00000016cd000000 0000000000000000
0x000000c2f34fe860:   0000000000000000 c05c00d3e5590149
0x000000c2f34fe870:   355e01444f5d0105 000001e1c9c776c0
0x000000c2f34fe880:   000001e1ca0dc350 fc610141b9600156
0x000000c2f34fe890:   636300993e630139 7f650126c9640081
0x000000c2f34fe8a0:   016b00a76867010e a56f008c7b6e0110
0x000000c2f34fe8b0:   e8700119bf7000b0 d3730136d8720125
0x000000c2f34fe8c0:   2d79012bbb7700a7 227c0126227a014f
0x000000c2f34fe8d0:   e68200ba1a8200b8 d28a010b688400f4
0x000000c2f34fe8e0:   058d00d33b8c00d2 3c8f0143068f0147
0x000000c2f34fe8f0:   5091022e529000f3 969100c86791008a
0x000000c2f34fe900:   8392007182920122 0000000000000000
0x000000c2f34fe910:   0000000000000000 0000000000000000
0x000000c2f34fe920:   000000c2f34feac0 00007ff82c5dd489 

Instructions: (pc=0x00007fffcfe844e2)
0x00007fffcfe843e2:   f8 44 88 44 24 21 48 8b fa 4c 8b f1 48 89 4c 24
0x00007fffcfe843f2:   28 48 8b 1d 36 29 bc 00 48 89 5c 24 48 48 8b cb
0x00007fffcfe84402:   ff 15 f0 0c 7b 00 90 48 8b 87 80 02 00 00 48 89
0x00007fffcfe84412:   44 24 30 4c 8b 05 14 6a ac 00 41 8b 88 10 0a 00
0x00007fffcfe84422:   00 89 4c 24 24 45 32 e4 44 88 64 24 20 45 33 e4
0x00007fffcfe84432:   4c 89 a7 80 02 00 00 44 89 a7 88 02 00 00 4c 89
0x00007fffcfe84442:   a7 a0 02 00 00 4c 89 a7 90 02 00 00 4d 85 f6 75
0x00007fffcfe84452:   27 65 48 8b 0c 25 58 00 00 00 8b 05 fe fe bb 00
0x00007fffcfe84462:   41 be 08 00 00 00 48 8b 04 c1 4d 8b 34 06 4c 89
0x00007fffcfe84472:   74 24 28 48 8b 44 24 30 4c 3b 35 2f 28 bc 00 0f
0x00007fffcfe84482:   84 db 10 00 00 48 85 c0 0f 84 84 0b 00 00 48 8b
0x00007fffcfe84492:   d8 4c 8b e8 48 8d b0 90 04 00 00 48 8b 06 48 89
0x00007fffcfe844a2:   44 24 30 45 84 ff 0f 85 59 0f 00 00 8b 97 d0 01
0x00007fffcfe844b2:   00 00 41 83 b8 7c 03 00 00 02 75 31 4c 8d 83 c8
0x00007fffcfe844c2:   00 00 00 83 fa 10 0f 83 7b 08 00 00 48 6b ca 38
0x00007fffcfe844d2:   49 03 c8 48 85 c9 0f 84 df 08 00 00 48 8b 41 08
0x00007fffcfe844e2:   49 3b 86 e8 51 03 00 0f 87 28 0f 00 00 48 83 bb
0x00007fffcfe844f2:   e8 04 00 00 00 0f 85 9a c5 67 00 44 8b 8f d0 01
0x00007fffcfe84502:   00 00 48 8b 87 e8 01 00 00 4c 8b 00 8b 8f d0 01
0x00007fffcfe84512:   00 00 4c 8d b3 c8 00 00 00 83 f9 10 0f 83 62 08
0x00007fffcfe84522:   00 00 48 6b c9 38 49 03 ce 48 85 c9 0f 84 91 08
0x00007fffcfe84532:   00 00 4c 39 41 08 0f 86 87 08 00 00 48 8b 87 80
0x00007fffcfe84542:   02 00 00 48 89 06 48 89 9f 80 02 00 00 ff 87 88
0x00007fffcfe84552:   02 00 00 48 8b 4b 08 48 8b 01 ba 01 00 00 00 48
0x00007fffcfe84562:   8b 80 e0 02 00 00 ff 15 8a 10 7b 00 0f b7 c8 48
0x00007fffcfe84572:   2b c1 48 05 00 00 01 00 48 01 87 90 02 00 00 48
0x00007fffcfe84582:   8b 4b 08 48 8b 01 ba 01 00 00 00 48 8b 80 e0 02
0x00007fffcfe84592:   00 00 ff 15 5e 10 7b 00 48 01 87 a0 02 00 00 e9
0x00007fffcfe845a2:   7b 07 00 00 48 6b c6 38 49 03 c6 48 85 c0 0f 84
0x00007fffcfe845b2:   90 09 00 00 4c 89 60 10 4c 8d b7 f0 02 00 00 49
0x00007fffcfe845c2:   8b 36 48 89 74 24 78 48 b8 aa aa aa aa aa aa aa
0x00007fffcfe845d2:   0a 49 39 46 08 0f 84 d5 c5 67 00 4c 89 74 24 60 


Stack slot to memory mapping:
stack at sp + 0 slots: 0x000001e1ca0d5e40 points into unknown readable memory: 0x000001e1ca0d5eb0 | b0 5e 0d ca e1 01 00 00
stack at sp + 1 slots: 0x000001e1ca0d8f80 points into unknown readable memory: 0x000001e1ca0d8f90 | 90 8f 0d ca e1 01 00 00
stack at sp + 2 slots: 0x00000021504e0001 is an unknown value
stack at sp + 3 slots: 0x000001e1cd190000 points into unknown readable memory: 0x0000001079120000 | 00 00 12 79 10 00 00 00
stack at sp + 4 slots: 0x00000016cd000000 is an unknown value
stack at sp + 5 slots: 0x0 is NULL
stack at sp + 6 slots: 0x0 is NULL
stack at sp + 7 slots: 0xc05c00d3e5590149 is an unknown value

VM_Operation (0x000000c2f3ffee00): Exit, mode: safepoint, requested by thread 0x000001e1ca3938e0


---------------  P R O C E S S  ---------------

Threads class SMR info:
_java_thread_list=0x000001e1c9b5ae70, length=14, elements={
0x000001e1aae65890, 0x000001e1c8da04f0, 0x000001e1c8da0fb0, 0x000001e1c8dae6f0,
0x000001e1c8db2fd0, 0x000001e1c8db5ab0, 0x000001e1c8db6b90, 0x000001e1c8db9060,
0x000001e1c8dbef20, 0x000001e1c8dbfc30, 0x000001e1c9871cb0, 0x000001e1c9a85140,
0x000001e1c9a85610, 0x000001e1ca3938e0
}

Java Threads: ( => current thread )
  0x000001e1aae65890 JavaThread "main" [_thread_in_native, id=13612, stack(0x000000c2f2e00000,0x000000c2f2f00000)]
  0x000001e1c8da04f0 JavaThread "Reference Handler" daemon [_thread_blocked, id=8852, stack(0x000000c2f3500000,0x000000c2f3600000)]
  0x000001e1c8da0fb0 JavaThread "Finalizer" daemon [_thread_blocked, id=3832, stack(0x000000c2f3600000,0x000000c2f3700000)]
  0x000001e1c8dae6f0 JavaThread "Signal Dispatcher" daemon [_thread_blocked, id=10524, stack(0x000000c2f3700000,0x000000c2f3800000)]
  0x000001e1c8db2fd0 JavaThread "Attach Listener" daemon [_thread_blocked, id=8364, stack(0x000000c2f3800000,0x000000c2f3900000)]
  0x000001e1c8db5ab0 JavaThread "Service Thread" daemon [_thread_blocked, id=440, stack(0x000000c2f3900000,0x000000c2f3a00000)]
  0x000001e1c8db6b90 JavaThread "Monitor Deflation Thread" daemon [_thread_blocked, id=13864, stack(0x000000c2f3a00000,0x000000c2f3b00000)]
  0x000001e1c8db9060 JavaThread "C2 CompilerThread0" daemon [_thread_blocked, id=11504, stack(0x000000c2f3b00000,0x000000c2f3c00000)]
  0x000001e1c8dbef20 JavaThread "C1 CompilerThread0" daemon [_thread_blocked, id=4376, stack(0x000000c2f3c00000,0x000000c2f3d00000)]
  0x000001e1c8dbfc30 JavaThread "Sweeper thread" daemon [_thread_blocked, id=1600, stack(0x000000c2f3d00000,0x000000c2f3e00000)]
  0x000001e1c9871cb0 JavaThread "Common-Cleaner" daemon [_thread_blocked, id=13536, stack(0x000000c2f3e00000,0x000000c2f3f00000)]
  0x000001e1c9a85140 JavaThread "Monitor Ctrl-Break" daemon [_thread_in_native, id=14500, stack(0x000000c2f4000000,0x000000c2f4100000)]
  0x000001e1c9a85610 JavaThread "Notification Thread" daemon [_thread_blocked, id=9664, stack(0x000000c2f4100000,0x000000c2f4200000)]
  0x000001e1ca3938e0 JavaThread "SIGINT handler" daemon [_thread_blocked, id=9784, stack(0x000000c2f3f00000,0x000000c2f4000000)]

Other Threads:
=>0x000001e1c8d9ab40 VMThread "VM Thread" [stack: 0x000000c2f3400000,0x000000c2f3500000] [id=5276]
  0x000001e1aae9fb70 GCTaskThread "GC Thread#0" [stack: 0x000000c2f2f00000,0x000000c2f3000000] [id=5324]
  0x000001e1aaeb1210 ConcurrentGCThread "G1 Main Marker" terminated
  0x000001e1aaeb22d0 ConcurrentGCThread "G1 Conc#0" [stack: 0x000000c2f3100000,0x000000c2f3200000] [id=4300]
  0x000001e1aaf3bfe0 ConcurrentGCThread "G1 Refine#0" terminated
  0x000001e1aaf3c910 ConcurrentGCThread "G1 Service" terminated

Threads with active compile tasks:

VM state: at safepoint (shutting down)

VM Mutex/Monitor currently owned by a thread:  ([mutex/lock_event])
[0x000001e1aae60b60] Threads_lock - owner thread: 0x000001e1c8d9ab40
[0x000001e1aae60fe0] Heap_lock - owner thread: 0x000001e1ca3938e0

Heap address: 0x0000000083600000, size: 1994 MB, Compressed Oops mode: 32-bit

CDS archive(s) mapped at: [0x0000000800000000-0x0000000800bc0000-0x0000000800bc0000), size 12320768, SharedBaseAddress: 0x0000000800000000, ArchiveRelocationMode: 0.
Compressed class space mapped at: 0x0000000800c00000-0x0000000840c00000, reserved size: 1073741824
Narrow klass base: 0x0000000800000000, Narrow klass shift: 0, Narrow klass range: 0x100000000

GC Precious Log:
 CPUs: 8 total, 8 available
 Memory: 7971M
 Large Page Support: Disabled
 NUMA Support: Disabled
 Compressed Oops: Enabled (32-bit)
 Heap Region Size: 1M
 Heap Min Capacity: 8M
 Heap Initial Capacity: 126M
 Heap Max Capacity: 1994M
 Pre-touch: Disabled
 Parallel Workers: 8
 Concurrent Workers: 2
 Concurrent Refinement Workers: 8
 Periodic GC: Disabled

Heap:
 garbage-first heap   total 129024K, used 15360K [0x0000000083600000, 0x0000000100000000)
  region size 1024K, 17 young (17408K), 0 survivors (0K)
 Metaspace       used 6689K, committed 6912K, reserved 1064960K
  class space    used 324K, committed 448K, reserved 1048576K

Heap Regions: E=young(eden), S=young(survivor), O=old, HS=humongous(starts), HC=humongous(continues), CS=collection set, F=free, OA=open archive, CA=closed archive, TAMS=top-at-mark-start (previous, next)
|   0|0x0000000083600000, 0x0000000083600000, 0x0000000083700000|  0%| F|  |TAMS 0x0000000083600000, 0x0000000083600000| Untracked 
|   1|0x0000000083700000, 0x0000000083700000, 0x0000000083800000|  0%| F|  |TAMS 0x0000000083700000, 0x0000000083700000| Untracked 
|   2|0x0000000083800000, 0x0000000083800000, 0x0000000083900000|  0%| F|  |TAMS 0x0000000083800000, 0x0000000083800000| Untracked 
|   3|0x0000000083900000, 0x0000000083900000, 0x0000000083a00000|  0%| F|  |TAMS 0x0000000083900000, 0x0000000083900000| Untracked 
|   4|0x0000000083a00000, 0x0000000083a00000, 0x0000000083b00000|  0%| F|  |TAMS 0x0000000083a00000, 0x0000000083a00000| Untracked 
|   5|0x0000000083b00000, 0x0000000083b00000, 0x0000000083c00000|  0%| F|  |TAMS 0x0000000083b00000, 0x0000000083b00000| Untracked 
|   6|0x0000000083c00000, 0x0000000083c00000, 0x0000000083d00000|  0%| F|  |TAMS 0x0000000083c00000, 0x0000000083c00000| Untracked 
|   7|0x0000000083d00000, 0x0000000083d00000, 0x0000000083e00000|  0%| F|  |TAMS 0x0000000083d00000, 0x0000000083d00000| Untracked 
|   8|0x0000000083e00000, 0x0000000083e00000, 0x0000000083f00000|  0%| F|  |TAMS 0x0000000083e00000, 0x0000000083e00000| Untracked 
|   9|0x0000000083f00000, 0x0000000083f00000, 0x0000000084000000|  0%| F|  |TAMS 0x0000000083f00000, 0x0000000083f00000| Untracked 
|  10|0x0000000084000000, 0x0000000084000000, 0x0000000084100000|  0%| F|  |TAMS 0x0000000084000000, 0x0000000084000000| Untracked 
|  11|0x0000000084100000, 0x0000000084100000, 0x0000000084200000|  0%| F|  |TAMS 0x0000000084100000, 0x0000000084100000| Untracked 
|  12|0x0000000084200000, 0x0000000084200000, 0x0000000084300000|  0%| F|  |TAMS 0x0000000084200000, 0x0000000084200000| Untracked 
|  13|0x0000000084300000, 0x0000000084300000, 0x0000000084400000|  0%| F|  |TAMS 0x0000000084300000, 0x0000000084300000| Untracked 
|  14|0x0000000084400000, 0x0000000084400000, 0x0000000084500000|  0%| F|  |TAMS 0x0000000084400000, 0x0000000084400000| Untracked 
|  15|0x0000000084500000, 0x0000000084500000, 0x0000000084600000|  0%| F|  |TAMS 0x0000000084500000, 0x0000000084500000| Untracked 
|  16|0x0000000084600000, 0x0000000084600000, 0x0000000084700000|  0%| F|  |TAMS 0x0000000084600000, 0x0000000084600000| Untracked 
|  17|0x0000000084700000, 0x0000000084700000, 0x0000000084800000|  0%| F|  |TAMS 0x0000000084700000, 0x0000000084700000| Untracked 
|  18|0x0000000084800000, 0x0000000084800000, 0x0000000084900000|  0%| F|  |TAMS 0x0000000084800000, 0x0000000084800000| Untracked 
|  19|0x0000000084900000, 0x0000000084900000, 0x0000000084a00000|  0%| F|  |TAMS 0x0000000084900000, 0x0000000084900000| Untracked 
|  20|0x0000000084a00000, 0x0000000084a00000, 0x0000000084b00000|  0%| F|  |TAMS 0x0000000084a00000, 0x0000000084a00000| Untracked 
|  21|0x0000000084b00000, 0x0000000084b00000, 0x0000000084c00000|  0%| F|  |TAMS 0x0000000084b00000, 0x0000000084b00000| Untracked 
|  22|0x0000000084c00000, 0x0000000084c00000, 0x0000000084d00000|  0%| F|  |TAMS 0x0000000084c00000, 0x0000000084c00000| Untracked 
|  23|0x0000000084d00000, 0x0000000084d00000, 0x0000000084e00000|  0%| F|  |TAMS 0x0000000084d00000, 0x0000000084d00000| Untracked 
|  24|0x0000000084e00000, 0x0000000084e00000, 0x0000000084f00000|  0%| F|  |TAMS 0x0000000084e00000, 0x0000000084e00000| Untracked 
|  25|0x0000000084f00000, 0x0000000084f00000, 0x0000000085000000|  0%| F|  |TAMS 0x0000000084f00000, 0x0000000084f00000| Untracked 
|  26|0x0000000085000000, 0x0000000085000000, 0x0000000085100000|  0%| F|  |TAMS 0x0000000085000000, 0x0000000085000000| Untracked 
|  27|0x0000000085100000, 0x0000000085100000, 0x0000000085200000|  0%| F|  |TAMS 0x0000000085100000, 0x0000000085100000| Untracked 
|  28|0x0000000085200000, 0x0000000085200000, 0x0000000085300000|  0%| F|  |TAMS 0x0000000085200000, 0x0000000085200000| Untracked 
|  29|0x0000000085300000, 0x0000000085300000, 0x0000000085400000|  0%| F|  |TAMS 0x0000000085300000, 0x0000000085300000| Untracked 
|  30|0x0000000085400000, 0x0000000085400000, 0x0000000085500000|  0%| F|  |TAMS 0x0000000085400000, 0x0000000085400000| Untracked 
|  31|0x0000000085500000, 0x0000000085500000, 0x0000000085600000|  0%| F|  |TAMS 0x0000000085500000, 0x0000000085500000| Untracked 
|  32|0x0000000085600000, 0x0000000085600000, 0x0000000085700000|  0%| F|  |TAMS 0x0000000085600000, 0x0000000085600000| Untracked 
|  33|0x0000000085700000, 0x0000000085700000, 0x0000000085800000|  0%| F|  |TAMS 0x0000000085700000, 0x0000000085700000| Untracked 
|  34|0x0000000085800000, 0x0000000085800000, 0x0000000085900000|  0%| F|  |TAMS 0x0000000085800000, 0x0000000085800000| Untracked 
|  35|0x0000000085900000, 0x0000000085900000, 0x0000000085a00000|  0%| F|  |TAMS 0x0000000085900000, 0x0000000085900000| Untracked 
|  36|0x0000000085a00000, 0x0000000085a00000, 0x0000000085b00000|  0%| F|  |TAMS 0x0000000085a00000, 0x0000000085a00000| Untracked 
|  37|0x0000000085b00000, 0x0000000085b00000, 0x0000000085c00000|  0%| F|  |TAMS 0x0000000085b00000, 0x0000000085b00000| Untracked 
|  38|0x0000000085c00000, 0x0000000085c00000, 0x0000000085d00000|  0%| F|  |TAMS 0x0000000085c00000, 0x0000000085c00000| Untracked 
|  39|0x0000000085d00000, 0x0000000085d00000, 0x0000000085e00000|  0%| F|  |TAMS 0x0000000085d00000, 0x0000000085d00000| Untracked 
|  40|0x0000000085e00000, 0x0000000085e00000, 0x0000000085f00000|  0%| F|  |TAMS 0x0000000085e00000, 0x0000000085e00000| Untracked 
|  41|0x0000000085f00000, 0x0000000085f00000, 0x0000000086000000|  0%| F|  |TAMS 0x0000000085f00000, 0x0000000085f00000| Untracked 
|  42|0x0000000086000000, 0x0000000086000000, 0x0000000086100000|  0%| F|  |TAMS 0x0000000086000000, 0x0000000086000000| Untracked 
|  43|0x0000000086100000, 0x0000000086100000, 0x0000000086200000|  0%| F|  |TAMS 0x0000000086100000, 0x0000000086100000| Untracked 
|  44|0x0000000086200000, 0x0000000086200000, 0x0000000086300000|  0%| F|  |TAMS 0x0000000086200000, 0x0000000086200000| Untracked 
|  45|0x0000000086300000, 0x0000000086300000, 0x0000000086400000|  0%| F|  |TAMS 0x0000000086300000, 0x0000000086300000| Untracked 
|  46|0x0000000086400000, 0x0000000086400000, 0x0000000086500000|  0%| F|  |TAMS 0x0000000086400000, 0x0000000086400000| Untracked 
|  47|0x0000000086500000, 0x0000000086500000, 0x0000000086600000|  0%| F|  |TAMS 0x0000000086500000, 0x0000000086500000| Untracked 
|  48|0x0000000086600000, 0x0000000086600000, 0x0000000086700000|  0%| F|  |TAMS 0x0000000086600000, 0x0000000086600000| Untracked 
|  49|0x0000000086700000, 0x0000000086700000, 0x0000000086800000|  0%| F|  |TAMS 0x0000000086700000, 0x0000000086700000| Untracked 
|  50|0x0000000086800000, 0x0000000086800000, 0x0000000086900000|  0%| F|  |TAMS 0x0000000086800000, 0x0000000086800000| Untracked 
|  51|0x0000000086900000, 0x0000000086900000, 0x0000000086a00000|  0%| F|  |TAMS 0x0000000086900000, 0x0000000086900000| Untracked 
|  52|0x0000000086a00000, 0x0000000086a00000, 0x0000000086b00000|  0%| F|  |TAMS 0x0000000086a00000, 0x0000000086a00000| Untracked 
|  53|0x0000000086b00000, 0x0000000086b00000, 0x0000000086c00000|  0%| F|  |TAMS 0x0000000086b00000, 0x0000000086b00000| Untracked 
|  54|0x0000000086c00000, 0x0000000086c00000, 0x0000000086d00000|  0%| F|  |TAMS 0x0000000086c00000, 0x0000000086c00000| Untracked 
|  55|0x0000000086d00000, 0x0000000086d00000, 0x0000000086e00000|  0%| F|  |TAMS 0x0000000086d00000, 0x0000000086d00000| Untracked 
|  56|0x0000000086e00000, 0x0000000086e00000, 0x0000000086f00000|  0%| F|  |TAMS 0x0000000086e00000, 0x0000000086e00000| Untracked 
|  57|0x0000000086f00000, 0x0000000086f00000, 0x0000000087000000|  0%| F|  |TAMS 0x0000000086f00000, 0x0000000086f00000| Untracked 
|  58|0x0000000087000000, 0x0000000087000000, 0x0000000087100000|  0%| F|  |TAMS 0x0000000087000000, 0x0000000087000000| Untracked 
|  59|0x0000000087100000, 0x0000000087100000, 0x0000000087200000|  0%| F|  |TAMS 0x0000000087100000, 0x0000000087100000| Untracked 
|  60|0x0000000087200000, 0x0000000087200000, 0x0000000087300000|  0%| F|  |TAMS 0x0000000087200000, 0x0000000087200000| Untracked 
|  61|0x0000000087300000, 0x0000000087300000, 0x0000000087400000|  0%| F|  |TAMS 0x0000000087300000, 0x0000000087300000| Untracked 
|  62|0x0000000087400000, 0x0000000087400000, 0x0000000087500000|  0%| F|  |TAMS 0x0000000087400000, 0x0000000087400000| Untracked 
|  63|0x0000000087500000, 0x0000000087500000, 0x0000000087600000|  0%| F|  |TAMS 0x0000000087500000, 0x0000000087500000| Untracked 
|  64|0x0000000087600000, 0x0000000087600000, 0x0000000087700000|  0%| F|  |TAMS 0x0000000087600000, 0x0000000087600000| Untracked 
|  65|0x0000000087700000, 0x0000000087700000, 0x0000000087800000|  0%| F|  |TAMS 0x0000000087700000, 0x0000000087700000| Untracked 
|  66|0x0000000087800000, 0x0000000087800000, 0x0000000087900000|  0%| F|  |TAMS 0x0000000087800000, 0x0000000087800000| Untracked 
|  67|0x0000000087900000, 0x0000000087900000, 0x0000000087a00000|  0%| F|  |TAMS 0x0000000087900000, 0x0000000087900000| Untracked 
|  68|0x0000000087a00000, 0x0000000087a00000, 0x0000000087b00000|  0%| F|  |TAMS 0x0000000087a00000, 0x0000000087a00000| Untracked 
|  69|0x0000000087b00000, 0x0000000087b00000, 0x0000000087c00000|  0%| F|  |TAMS 0x0000000087b00000, 0x0000000087b00000| Untracked 
|  70|0x0000000087c00000, 0x0000000087c00000, 0x0000000087d00000|  0%| F|  |TAMS 0x0000000087c00000, 0x0000000087c00000| Untracked 
|  71|0x0000000087d00000, 0x0000000087d00000, 0x0000000087e00000|  0%| F|  |TAMS 0x0000000087d00000, 0x0000000087d00000| Untracked 
|  72|0x0000000087e00000, 0x0000000087e00000, 0x0000000087f00000|  0%| F|  |TAMS 0x0000000087e00000, 0x0000000087e00000| Untracked 
|  73|0x0000000087f00000, 0x0000000087f00000, 0x0000000088000000|  0%| F|  |TAMS 0x0000000087f00000, 0x0000000087f00000| Untracked 
|  74|0x0000000088000000, 0x0000000088000000, 0x0000000088100000|  0%| F|  |TAMS 0x0000000088000000, 0x0000000088000000| Untracked 
|  75|0x0000000088100000, 0x0000000088100000, 0x0000000088200000|  0%| F|  |TAMS 0x0000000088100000, 0x0000000088100000| Untracked 
|  76|0x0000000088200000, 0x0000000088200000, 0x0000000088300000|  0%| F|  |TAMS 0x0000000088200000, 0x0000000088200000| Untracked 
|  77|0x0000000088300000, 0x0000000088300000, 0x0000000088400000|  0%| F|  |TAMS 0x0000000088300000, 0x0000000088300000| Untracked 
|  78|0x0000000088400000, 0x0000000088400000, 0x0000000088500000|  0%| F|  |TAMS 0x0000000088400000, 0x0000000088400000| Untracked 
|  79|0x0000000088500000, 0x0000000088500000, 0x0000000088600000|  0%| F|  |TAMS 0x0000000088500000, 0x0000000088500000| Untracked 
|  80|0x0000000088600000, 0x0000000088600000, 0x0000000088700000|  0%| F|  |TAMS 0x0000000088600000, 0x0000000088600000| Untracked 
|  81|0x0000000088700000, 0x0000000088700000, 0x0000000088800000|  0%| F|  |TAMS 0x0000000088700000, 0x0000000088700000| Untracked 
|  82|0x0000000088800000, 0x0000000088800000, 0x0000000088900000|  0%| F|  |TAMS 0x0000000088800000, 0x0000000088800000| Untracked 
|  83|0x0000000088900000, 0x0000000088900000, 0x0000000088a00000|  0%| F|  |TAMS 0x0000000088900000, 0x0000000088900000| Untracked 
|  84|0x0000000088a00000, 0x0000000088a00000, 0x0000000088b00000|  0%| F|  |TAMS 0x0000000088a00000, 0x0000000088a00000| Untracked 
|  85|0x0000000088b00000, 0x0000000088b00000, 0x0000000088c00000|  0%| F|  |TAMS 0x0000000088b00000, 0x0000000088b00000| Untracked 
|  86|0x0000000088c00000, 0x0000000088c00000, 0x0000000088d00000|  0%| F|  |TAMS 0x0000000088c00000, 0x0000000088c00000| Untracked 
|  87|0x0000000088d00000, 0x0000000088d00000, 0x0000000088e00000|  0%| F|  |TAMS 0x0000000088d00000, 0x0000000088d00000| Untracked 
|  88|0x0000000088e00000, 0x0000000088e00000, 0x0000000088f00000|  0%| F|  |TAMS 0x0000000088e00000, 0x0000000088e00000| Untracked 
|  89|0x0000000088f00000, 0x0000000088f00000, 0x0000000089000000|  0%| F|  |TAMS 0x0000000088f00000, 0x0000000088f00000| Untracked 
|  90|0x0000000089000000, 0x0000000089000000, 0x0000000089100000|  0%| F|  |TAMS 0x0000000089000000, 0x0000000089000000| Untracked 
|  91|0x0000000089100000, 0x0000000089100000, 0x0000000089200000|  0%| F|  |TAMS 0x0000000089100000, 0x0000000089100000| Untracked 
|  92|0x0000000089200000, 0x0000000089200000, 0x0000000089300000|  0%| F|  |TAMS 0x0000000089200000, 0x0000000089200000| Untracked 
|  93|0x0000000089300000, 0x0000000089300000, 0x0000000089400000|  0%| F|  |TAMS 0x0000000089300000, 0x0000000089300000| Untracked 
|  94|0x0000000089400000, 0x0000000089400000, 0x0000000089500000|  0%| F|  |TAMS 0x0000000089400000, 0x0000000089400000| Untracked 
|  95|0x0000000089500000, 0x0000000089500000, 0x0000000089600000|  0%| F|  |TAMS 0x0000000089500000, 0x0000000089500000| Untracked 
|  96|0x0000000089600000, 0x0000000089600000, 0x0000000089700000|  0%| F|  |TAMS 0x0000000089600000, 0x0000000089600000| Untracked 
|  97|0x0000000089700000, 0x0000000089700000, 0x0000000089800000|  0%| F|  |TAMS 0x0000000089700000, 0x0000000089700000| Untracked 
|  98|0x0000000089800000, 0x0000000089800000, 0x0000000089900000|  0%| F|  |TAMS 0x0000000089800000, 0x0000000089800000| Untracked 
|  99|0x0000000089900000, 0x0000000089900000, 0x0000000089a00000|  0%| F|  |TAMS 0x0000000089900000, 0x0000000089900000| Untracked 
| 100|0x0000000089a00000, 0x0000000089a00000, 0x0000000089b00000|  0%| F|  |TAMS 0x0000000089a00000, 0x0000000089a00000| Untracked 
| 101|0x0000000089b00000, 0x0000000089b00000, 0x0000000089c00000|  0%| F|  |TAMS 0x0000000089b00000, 0x0000000089b00000| Untracked 
| 102|0x0000000089c00000, 0x0000000089c00000, 0x0000000089d00000|  0%| F|  |TAMS 0x0000000089c00000, 0x0000000089c00000| Untracked 
| 103|0x0000000089d00000, 0x0000000089d00000, 0x0000000089e00000|  0%| F|  |TAMS 0x0000000089d00000, 0x0000000089d00000| Untracked 
| 104|0x0000000089e00000, 0x0000000089e00000, 0x0000000089f00000|  0%| F|  |TAMS 0x0000000089e00000, 0x0000000089e00000| Untracked 
| 105|0x0000000089f00000, 0x0000000089f00000, 0x000000008a000000|  0%| F|  |TAMS 0x0000000089f00000, 0x0000000089f00000| Untracked 
| 106|0x000000008a000000, 0x000000008a000000, 0x000000008a100000|  0%| F|  |TAMS 0x000000008a000000, 0x000000008a000000| Untracked 
| 107|0x000000008a100000, 0x000000008a100000, 0x000000008a200000|  0%| F|  |TAMS 0x000000008a100000, 0x000000008a100000| Untracked 
| 108|0x000000008a200000, 0x000000008a200000, 0x000000008a300000|  0%| F|  |TAMS 0x000000008a200000, 0x000000008a200000| Untracked 
| 109|0x000000008a300000, 0x000000008a300800, 0x000000008a400000|  0%| E|  |TAMS 0x000000008a300000, 0x000000008a300000| Complete 
| 110|0x000000008a400000, 0x000000008a500000, 0x000000008a500000|100%| E|CS|TAMS 0x000000008a400000, 0x000000008a400000| Complete 
| 111|0x000000008a500000, 0x000000008a600000, 0x000000008a600000|100%| E|CS|TAMS 0x000000008a500000, 0x000000008a500000| Complete 
| 112|0x000000008a600000, 0x000000008a700000, 0x000000008a700000|100%| E|CS|TAMS 0x000000008a600000, 0x000000008a600000| Complete 
| 113|0x000000008a700000, 0x000000008a800000, 0x000000008a800000|100%| E|CS|TAMS 0x000000008a700000, 0x000000008a700000| Complete 
| 114|0x000000008a800000, 0x000000008a900000, 0x000000008a900000|100%| E|CS|TAMS 0x000000008a800000, 0x000000008a800000| Complete 
| 115|0x000000008a900000, 0x000000008aa00000, 0x000000008aa00000|100%| E|CS|TAMS 0x000000008a900000, 0x000000008a900000| Complete 
| 116|0x000000008aa00000, 0x000000008ab00000, 0x000000008ab00000|100%| E|  |TAMS 0x000000008aa00000, 0x000000008aa00000| Complete 
| 117|0x000000008ab00000, 0x000000008ac00000, 0x000000008ac00000|100%| E|CS|TAMS 0x000000008ab00000, 0x000000008ab00000| Complete 
| 118|0x000000008ac00000, 0x000000008ad00000, 0x000000008ad00000|100%| E|CS|TAMS 0x000000008ac00000, 0x000000008ac00000| Complete 
| 119|0x000000008ad00000, 0x000000008ae00000, 0x000000008ae00000|100%| E|CS|TAMS 0x000000008ad00000, 0x000000008ad00000| Complete 
| 120|0x000000008ae00000, 0x000000008af00000, 0x000000008af00000|100%| E|CS|TAMS 0x000000008ae00000, 0x000000008ae00000| Complete 
| 121|0x000000008af00000, 0x000000008b000000, 0x000000008b000000|100%| E|CS|TAMS 0x000000008af00000, 0x000000008af00000| Complete 
| 122|0x000000008b000000, 0x000000008b100000, 0x000000008b100000|100%| E|CS|TAMS 0x000000008b000000, 0x000000008b000000| Complete 
| 123|0x000000008b100000, 0x000000008b200000, 0x000000008b200000|100%| E|CS|TAMS 0x000000008b100000, 0x000000008b100000| Complete 
| 124|0x000000008b200000, 0x000000008b300000, 0x000000008b300000|100%| E|CS|TAMS 0x000000008b200000, 0x000000008b200000| Complete 
| 125|0x000000008b300000, 0x000000008b400000, 0x000000008b400000|100%| E|CS|TAMS 0x000000008b300000, 0x000000008b300000| Complete 

Card table byte_map: [0x000001e1c1d90000,0x000001e1c2180000] _byte_map_base: 0x000001e1c1975000

Marking Bits (Prev, Next): (CMBitMap*) 0x000001e1aaea0fa0, (CMBitMap*) 0x000001e1aaea0fe0
 Prev Bits: [0x000001e1c2570000, 0x000001e1c4498000)
 Next Bits: [0x000001e1c44a0000, 0x000001e1c63c8000)

Polling page: 0x000001e1a8de0000

Metaspace:

Usage:
  Non-class:      6.22 MB used.
      Class:    324.23 KB used.
       Both:      6.53 MB used.

Virtual space:
  Non-class space:       16.00 MB reserved,       6.31 MB ( 39%) committed,  2 nodes.
      Class space:        1.00 GB reserved,     448.00 KB ( <1%) committed,  1 nodes.
             Both:        1.02 GB reserved,       6.75 MB ( <1%) committed. 

Chunk freelists:
   Non-Class:  3.52 MB
       Class:  3.55 MB
        Both:  7.06 MB

MaxMetaspaceSize: unlimited
CompressedClassSpaceSize: 1.00 GB
Initial GC threshold: 21.00 MB
Current GC threshold: 21.00 MB
CDS: on
MetaspaceReclaimPolicy: balanced
 - commit_granule_bytes: 65536.
 - commit_granule_words: 8192.
 - virtual_space_node_default_size: 1048576.
 - enlarge_chunks_in_place: 1.
 - new_chunks_are_fully_committed: 0.
 - uncommit_free_chunks: 1.
 - use_allocation_guard: 0.
 - handle_deallocations: 1.


Internal statistics:

num_allocs_failed_limit: 0.
num_arena_births: 74.
num_arena_deaths: 0.
num_vsnodes_births: 3.
num_vsnodes_deaths: 0.
num_space_committed: 106.
num_space_uncommitted: 0.
num_chunks_returned_to_freelist: 0.
num_chunks_taken_from_freelist: 264.
num_chunk_merges: 0.
num_chunk_splits: 191.
num_chunks_enlarged: 149.
num_purges: 0.
num_inconsistent_stats: 0.

CodeHeap 'non-profiled nmethods': size=120000Kb used=253Kb max_used=253Kb free=119746Kb
 bounds [0x000001e1ba140000, 0x000001e1ba3b0000, 0x000001e1c1670000]
CodeHeap 'profiled nmethods': size=120000Kb used=1215Kb max_used=1215Kb free=118785Kb
 bounds [0x000001e1b2c10000, 0x000001e1b2e80000, 0x000001e1ba140000]
CodeHeap 'non-nmethods': size=5760Kb used=1658Kb max_used=1676Kb free=4102Kb
 bounds [0x000001e1b2670000, 0x000001e1b28e0000, 0x000001e1b2c10000]
 total_blobs=1874 nmethods=784 adapters=1003
 compilation: enabled
              stopped_count=0, restarted_count=0
 full_count=0

Compilation events (20 events):
Event: 1.044 Thread 0x000001e1c8dbef20 nmethod 777 0x000001e1b2d3d190 code [0x000001e1b2d3d340, 0x000001e1b2d3d548]
Event: 1.045 Thread 0x000001e1c8dbef20  773       3       java.io.DataInputStream::readUnsignedShort (39 bytes)
Event: 1.045 Thread 0x000001e1c8dbef20 nmethod 773 0x000001e1b2d3d610 code [0x000001e1b2d3d7e0, 0x000001e1b2d3db48]
Event: 1.047 Thread 0x000001e1c8db9060 nmethod 775 0x000001e1ba17cc90 code [0x000001e1ba17ce00, 0x000001e1ba17d1b8]
Event: 1.047 Thread 0x000001e1c8db9060  778       4       java.util.StringTokenizer::scanToken (179 bytes)
Event: 1.047 Thread 0x000001e1c8dbef20  779       3       jdk.internal.org.objectweb.asm.SymbolTable::hash (15 bytes)
Event: 1.048 Thread 0x000001e1c8dbef20 nmethod 779 0x000001e1b2d3dc90 code [0x000001e1b2d3de40, 0x000001e1b2d3dfd8]
Event: 1.048 Thread 0x000001e1c8dbef20  780       3       jdk.internal.org.objectweb.asm.SymbolTable$Entry::<init> (18 bytes)
Event: 1.048 Thread 0x000001e1c8dbef20 nmethod 780 0x000001e1b2d3e110 code [0x000001e1b2d3e2c0, 0x000001e1b2d3e448]
Event: 1.049 Thread 0x000001e1c8dbef20  781       3       java.lang.invoke.MethodType::basicType (8 bytes)
Event: 1.049 Thread 0x000001e1c8dbef20 nmethod 781 0x000001e1b2d3e510 code [0x000001e1b2d3e6a0, 0x000001e1b2d3e7d8]
Event: 1.050 Thread 0x000001e1c8db9060 nmethod 778 0x000001e1ba17d310 code [0x000001e1ba17d4a0, 0x000001e1ba17d7a8]
Event: 1.052 Thread 0x000001e1c8db9060  782       4       java.util.HashMap::put (13 bytes)
Event: 1.052 Thread 0x000001e1c8dbef20  783       3       java.util.LinkedHashMap::get (29 bytes)
Event: 1.052 Thread 0x000001e1c8dbef20 nmethod 783 0x000001e1b2d3e890 code [0x000001e1b2d3ea40, 0x000001e1b2d3ec98]
Event: 1.052 Thread 0x000001e1c8dbef20  784       3       java.util.Arrays::copyOf (40 bytes)
Event: 1.053 Thread 0x000001e1c8dbef20 nmethod 784 0x000001e1b2d3ed90 code [0x000001e1b2d3ef80, 0x000001e1b2d3f668]
Event: 1.054 Thread 0x000001e1c8dbef20  785       3       java.lang.StringBuilder::<init> (6 bytes)
Event: 1.054 Thread 0x000001e1c8dbef20 nmethod 785 0x000001e1b2d3f890 code [0x000001e1b2d3fa20, 0x000001e1b2d3fb68]
Event: 1.067 Thread 0x000001e1c8db9060 nmethod 782 0x000001e1ba17da10 code [0x000001e1ba17dc00, 0x000001e1ba17ef18]

GC Heap History (0 events):
No events

Deoptimization events (20 events):
Event: 0.221 Thread 0x000001e1aae65890 DEOPT PACKING pc=0x000001e1b2c186d1 sp=0x000000c2f2ef9420
Event: 0.221 Thread 0x000001e1aae65890 DEOPT UNPACKING pc=0x000001e1b26c6763 sp=0x000000c2f2ef8898 mode 0
Event: 0.366 Thread 0x000001e1aae65890 Uncommon trap: trap_request=0xffffff54 fr.pc=0x000001e1ba16cce0 relative=0x0000000000000060
Event: 0.366 Thread 0x000001e1aae65890 Uncommon trap: reason=speculate_null_assert action=make_not_entrant pc=0x000001e1ba16cce0 method=sun.misc.Unsafe.putLong(Ljava/lang/Object;JJ)V @ 7 c2
Event: 0.366 Thread 0x000001e1aae65890 DEOPT PACKING pc=0x000001e1ba16cce0 sp=0x000000c2f2efed80
Event: 0.366 Thread 0x000001e1aae65890 DEOPT UNPACKING pc=0x000001e1b26c5c23 sp=0x000000c2f2efecf8 mode 2
Event: 0.445 Thread 0x000001e1aae65890 Uncommon trap: trap_request=0xffffff45 fr.pc=0x000001e1ba172784 relative=0x0000000000000544
Event: 0.445 Thread 0x000001e1aae65890 Uncommon trap: reason=unstable_if action=reinterpret pc=0x000001e1ba172784 method=java.lang.AbstractStringBuilder.putStringAt(ILjava/lang/String;II)V @ 8 c2
Event: 0.445 Thread 0x000001e1aae65890 DEOPT PACKING pc=0x000001e1ba172784 sp=0x000000c2f2efec50
Event: 0.445 Thread 0x000001e1aae65890 DEOPT UNPACKING pc=0x000001e1b26c5c23 sp=0x000000c2f2efeb30 mode 2
Event: 0.594 Thread 0x000001e1aae65890 DEOPT PACKING pc=0x000001e1b2d276b4 sp=0x000000c2f2eff090
Event: 0.594 Thread 0x000001e1aae65890 DEOPT UNPACKING pc=0x000001e1b26c6763 sp=0x000000c2f2efe5e8 mode 0
Event: 0.594 Thread 0x000001e1aae65890 Uncommon trap: trap_request=0xffffff45 fr.pc=0x000001e1ba179384 relative=0x00000000000001a4
Event: 0.594 Thread 0x000001e1aae65890 Uncommon trap: reason=unstable_if action=reinterpret pc=0x000001e1ba179384 method=core.EngineManager.run()V @ 71 c2
Event: 0.594 Thread 0x000001e1aae65890 DEOPT PACKING pc=0x000001e1ba179384 sp=0x000000c2f2eff160
Event: 0.595 Thread 0x000001e1aae65890 DEOPT UNPACKING pc=0x000001e1b26c5c23 sp=0x000000c2f2eff0f0 mode 2
Event: 0.670 Thread 0x000001e1aae65890 Uncommon trap: trap_request=0xffffff54 fr.pc=0x000001e1ba16fadc relative=0x000000000000005c
Event: 0.670 Thread 0x000001e1aae65890 Uncommon trap: reason=speculate_null_assert action=make_not_entrant pc=0x000001e1ba16fadc method=sun.misc.Unsafe.getLong(Ljava/lang/Object;J)J @ 5 c2
Event: 0.670 Thread 0x000001e1aae65890 DEOPT PACKING pc=0x000001e1ba16fadc sp=0x000000c2f2efee20
Event: 0.670 Thread 0x000001e1aae65890 DEOPT UNPACKING pc=0x000001e1b26c5c23 sp=0x000000c2f2efeda8 mode 2

Classes unloaded (0 events):
No events

Classes redefined (0 events):
No events

Internal exceptions (20 events):
Event: 0.183 Thread 0x000001e1aae65890 Exception <a 'java/lang/NoSuchMethodError'{0x000000008afe2340}: 'void java.lang.invoke.DirectMethodHandle$Holder.invokeSpecial(java.lang.Object, java.lang.Object, java.lang.Object)'> (0x000000008afe2340) 
thrown [t:\workspace\open\src\hotspot\share\interpreter\linkResolver.cpp, line 766]
Event: 0.185 Thread 0x000001e1aae65890 Exception <a 'java/lang/NoSuchMethodError'{0x000000008aff50d8}: 'java.lang.Object java.lang.invoke.DirectMethodHandle$Holder.invokeStatic(java.lang.Object, java.lang.Object, int)'> (0x000000008aff50d8) 
thrown [t:\workspace\open\src\hotspot\share\interpreter\linkResolver.cpp, line 766]
Event: 0.186 Thread 0x000001e1aae65890 Exception <a 'java/lang/NoSuchMethodError'{0x000000008ae018b0}: 'void java.lang.invoke.DelegatingMethodHandle$Holder.delegate(java.lang.Object, java.lang.Object, int, java.lang.Object)'> (0x000000008ae018b0) 
thrown [t:\workspace\open\src\hotspot\share\interpreter\linkResolver.cpp, line 766]
Event: 0.186 Thread 0x000001e1aae65890 Exception <a 'java/lang/NoSuchMethodError'{0x000000008ae058e8}: 'int java.lang.invoke.DirectMethodHandle$Holder.invokeSpecial(java.lang.Object, java.lang.Object, java.lang.Object)'> (0x000000008ae058e8) 
thrown [t:\workspace\open\src\hotspot\share\interpreter\linkResolver.cpp, line 766]
Event: 0.208 Thread 0x000001e1aae65890 Exception <a 'sun/nio/fs/WindowsException'{0x000000008ae67ad8}> (0x000000008ae67ad8) 
thrown [t:\workspace\open\src\hotspot\share\prims\jni.cpp, line 516]
Event: 0.209 Thread 0x000001e1aae65890 Exception <a 'sun/nio/fs/WindowsException'{0x000000008ae68068}> (0x000000008ae68068) 
thrown [t:\workspace\open\src\hotspot\share\prims\jni.cpp, line 516]
Event: 0.215 Thread 0x000001e1aae65890 Exception <a 'java/lang/NoSuchMethodError'{0x000000008ae91558}: 'int java.lang.invoke.DirectMethodHandle$Holder.invokeStaticInit(java.lang.Object, java.lang.Object, int, long)'> (0x000000008ae91558) 
thrown [t:\workspace\open\src\hotspot\share\interpreter\linkResolver.cpp, line 766]
Event: 0.216 Thread 0x000001e1aae65890 Exception <a 'java/lang/NoSuchMethodError'{0x000000008ae96e20}: 'java.lang.Object java.lang.invoke.DirectMethodHandle$Holder.newInvokeSpecial(java.lang.Object, java.lang.Object, int)'> (0x000000008ae96e20) 
thrown [t:\workspace\open\src\hotspot\share\interpreter\linkResolver.cpp, line 766]
Event: 0.217 Thread 0x000001e1aae65890 Exception <a 'java/lang/NoSuchMethodError'{0x000000008aea5a30}: 'int java.lang.invoke.DirectMethodHandle$Holder.invokeStaticInit(java.lang.Object, java.lang.Object, long, long)'> (0x000000008aea5a30) 
thrown [t:\workspace\open\src\hotspot\share\interpreter\linkResolver.cpp, line 766]
Event: 0.218 Thread 0x000001e1aae65890 Exception <a 'java/lang/NoSuchMethodError'{0x000000008aeabb40}: 'java.lang.Object java.lang.invoke.DirectMethodHandle$Holder.newInvokeSpecial(java.lang.Object, java.lang.Object, long)'> (0x000000008aeabb40) 
thrown [t:\workspace\open\src\hotspot\share\interpreter\linkResolver.cpp, line 766]
Event: 0.219 Thread 0x000001e1aae65890 Exception <a 'java/lang/NoSuchMethodError'{0x000000008aeafb88}: 'java.lang.Object java.lang.invoke.Invokers$Holder.linkToTargetMethod(java.lang.Object, long, java.lang.Object)'> (0x000000008aeafb88) 
thrown [t:\workspace\open\src\hotspot\share\interpreter\linkResolver.cpp, line 766]
Event: 0.220 Thread 0x000001e1aae65890 Exception <a 'java/lang/NoSuchMethodError'{0x000000008aeb72a0}: 'int java.lang.invoke.DirectMethodHandle$Holder.invokeStaticInit(java.lang.Object, java.lang.Object, java.lang.Object, long)'> (0x000000008aeb72a0) 
thrown [t:\workspace\open\src\hotspot\share\interpreter\linkResolver.cpp, line 766]
Event: 0.237 Thread 0x000001e1aae65890 Exception <a 'sun/nio/fs/WindowsException'{0x000000008ad5a4c0}> (0x000000008ad5a4c0) 
thrown [t:\workspace\open\src\hotspot\share\prims\jni.cpp, line 516]
Event: 0.237 Thread 0x000001e1aae65890 Exception <a 'sun/nio/fs/WindowsException'{0x000000008ad5a870}> (0x000000008ad5a870) 
thrown [t:\workspace\open\src\hotspot\share\prims\jni.cpp, line 516]
Event: 0.347 Thread 0x000001e1aae65890 Exception <a 'sun/nio/fs/WindowsException'{0x000000008adfbac8}> (0x000000008adfbac8) 
thrown [t:\workspace\open\src\hotspot\share\prims\jni.cpp, line 516]
Event: 0.347 Thread 0x000001e1aae65890 Exception <a 'sun/nio/fs/WindowsException'{0x000000008adfbeb8}> (0x000000008adfbeb8) 
thrown [t:\workspace\open\src\hotspot\share\prims\jni.cpp, line 516]
Event: 0.351 Thread 0x000001e1aae65890 Exception <a 'sun/nio/fs/WindowsException'{0x000000008ac046c0}> (0x000000008ac046c0) 
thrown [t:\workspace\open\src\hotspot\share\prims\jni.cpp, line 516]
Event: 0.351 Thread 0x000001e1aae65890 Exception <a 'sun/nio/fs/WindowsException'{0x000000008ac049e8}> (0x000000008ac049e8) 
thrown [t:\workspace\open\src\hotspot\share\prims\jni.cpp, line 516]
Event: 0.482 Thread 0x000001e1aae65890 Exception <a 'sun/nio/fs/WindowsException'{0x000000008a8fbe48}> (0x000000008a8fbe48) 
thrown [t:\workspace\open\src\hotspot\share\prims\jni.cpp, line 516]
Event: 0.482 Thread 0x000001e1aae65890 Exception <a 'sun/nio/fs/WindowsException'{0x000000008a8fc208}> (0x000000008a8fc208) 
thrown [t:\workspace\open\src\hotspot\share\prims\jni.cpp, line 516]

VM Operations (5 events):
Event: 0.143 Executing VM operation: HandshakeAllThreads
Event: 0.143 Executing VM operation: HandshakeAllThreads done
Event: 1.148 Executing VM operation: Cleanup
Event: 1.148 Executing VM operation: Cleanup done
Event: 3.490 Executing VM operation: Exit

Events (20 events):
Event: 1.048 loading class sun/util/locale/provider/BaseLocaleDataMetaInfo done
Event: 1.049 loading class sun/util/resources/cldr/TimeZoneNames
Event: 1.049 loading class sun/util/resources/TimeZoneNamesBundle
Event: 1.049 loading class sun/util/resources/OpenListResourceBundle
Event: 1.049 loading class sun/util/resources/OpenListResourceBundle done
Event: 1.049 loading class sun/util/resources/TimeZoneNamesBundle done
Event: 1.049 loading class sun/util/resources/cldr/TimeZoneNames done
Event: 1.049 loading class sun/util/resources/cldr/TimeZoneNames_en
Event: 1.050 loading class sun/util/resources/cldr/TimeZoneNames_en done
Event: 1.050 loading class sun/util/resources/cldr/TimeZoneNames_en_US
Event: 1.050 loading class sun/util/resources/cldr/TimeZoneNames_en_US done
Event: 1.051 loading class java/util/LinkedHashMap$LinkedKeySet
Event: 1.051 loading class java/util/LinkedHashMap$LinkedKeySet done
Event: 1.051 loading class sun/util/resources/TimeZoneNames
Event: 1.051 loading class sun/util/resources/TimeZoneNames done
Event: 1.051 loading class sun/util/resources/TimeZoneNames_en
Event: 1.051 loading class sun/util/resources/TimeZoneNames_en done
Event: 3.489 loading class jdk/internal/misc/Signal$1
Event: 3.489 loading class jdk/internal/misc/Signal$1 done
Event: 3.489 Thread 0x000001e1ca3938e0 Thread added: 0x000001e1ca3938e0


Dynamic libraries:
0x00007ff6da740000 - 0x00007ff6da750000 	C:\Program Files\Java\jdk-17.0.1\bin\java.exe
0x00007ff82df50000 - 0x00007ff82e145000 	C:\Windows\SYSTEM32\ntdll.dll
0x00007ff82c3c0000 - 0x00007ff82c47e000 	C:\Windows\System32\KERNEL32.DLL
0x00007ff82b660000 - 0x00007ff82b928000 	C:\Windows\System32\KERNELBASE.dll
0x00007ff82bd90000 - 0x00007ff82be90000 	C:\Windows\System32\ucrtbase.dll
0x00007ff821600000 - 0x00007ff821618000 	C:\Program Files\Java\jdk-17.0.1\bin\jli.dll
0x00007ff81f9a0000 - 0x00007ff81f9ba000 	C:\Program Files\Java\jdk-17.0.1\bin\VCRUNTIME140.dll
0x00007ff82c510000 - 0x00007ff82c5be000 	C:\Windows\System32\ADVAPI32.dll
0x00007ff82c0d0000 - 0x00007ff82c16e000 	C:\Windows\System32\msvcrt.dll
0x00007ff82d590000 - 0x00007ff82d62c000 	C:\Windows\System32\sechost.dll
0x00007ff82cda0000 - 0x00007ff82cec5000 	C:\Windows\System32\RPCRT4.dll
0x00007ff82c5c0000 - 0x00007ff82c760000 	C:\Windows\System32\USER32.dll
0x00007ff82bb40000 - 0x00007ff82bb62000 	C:\Windows\System32\win32u.dll
0x00007ff8165a0000 - 0x00007ff81683a000 	C:\Windows\WinSxS\amd64_microsoft.windows.common-controls_6595b64144ccf1df_6.0.19041.1110_none_60b5254171f9507e\COMCTL32.dll
0x00007ff82c390000 - 0x00007ff82c3bb000 	C:\Windows\System32\GDI32.dll
0x00007ff82be90000 - 0x00007ff82bf9d000 	C:\Windows\System32\gdi32full.dll
0x00007ff82b9f0000 - 0x00007ff82ba8d000 	C:\Windows\System32\msvcp_win.dll
0x00007ff81fb30000 - 0x00007ff81fb3a000 	C:\Windows\SYSTEM32\VERSION.dll
0x00007ff82cd00000 - 0x00007ff82cd30000 	C:\Windows\System32\IMM32.DLL
0x00007ff81f970000 - 0x00007ff81f97c000 	C:\Program Files\Java\jdk-17.0.1\bin\vcruntime140_1.dll
0x00007ffffabf0000 - 0x00007ffffac7d000 	C:\Program Files\Java\jdk-17.0.1\bin\msvcp140.dll
0x00007fffd0b00000 - 0x00007fffd16be000 	C:\Program Files\Java\jdk-17.0.1\bin\server\jvm.dll
0x00007ff82d750000 - 0x00007ff82d758000 	C:\Windows\System32\PSAPI.DLL
0x00007ff811920000 - 0x00007ff811947000 	C:\Windows\SYSTEM32\WINMM.dll
0x00007ff8244b0000 - 0x00007ff8244b9000 	C:\Windows\SYSTEM32\WSOCK32.dll
0x00007ff82cd30000 - 0x00007ff82cd9b000 	C:\Windows\System32\WS2_32.dll
0x00007ff829ee0000 - 0x00007ff829ef2000 	C:\Windows\SYSTEM32\kernel.appcore.dll
0x00007ff81f960000 - 0x00007ff81f96a000 	C:\Program Files\Java\jdk-17.0.1\bin\jimage.dll
0x00007ff829a30000 - 0x00007ff829c14000 	C:\Windows\SYSTEM32\DBGHELP.DLL
0x00007ff80dee0000 - 0x00007ff80df0c000 	C:\Windows\SYSTEM32\dbgcore.DLL
0x00007ff82bcd0000 - 0x00007ff82bd52000 	C:\Windows\System32\bcryptPrimitives.dll
0x00007ff81f920000 - 0x00007ff81f92e000 	C:\Program Files\Java\jdk-17.0.1\bin\instrument.dll
0x00007ff81f930000 - 0x00007ff81f955000 	C:\Program Files\Java\jdk-17.0.1\bin\java.dll
0x00007fffec3b0000 - 0x00007fffec486000 	C:\Program Files\Java\jdk-17.0.1\bin\svml.dll
0x00007ff82d760000 - 0x00007ff82dea4000 	C:\Windows\System32\SHELL32.dll
0x00007ff829290000 - 0x00007ff829a24000 	C:\Windows\SYSTEM32\windows.storage.dll
0x00007ff82c9a0000 - 0x00007ff82ccf5000 	C:\Windows\System32\combase.dll
0x00007ff82b0b0000 - 0x00007ff82b0de000 	C:\Windows\SYSTEM32\Wldp.dll
0x00007ff82d060000 - 0x00007ff82d10d000 	C:\Windows\System32\SHCORE.dll
0x00007ff82bfa0000 - 0x00007ff82bff5000 	C:\Windows\System32\shlwapi.dll
0x00007ff82b5a0000 - 0x00007ff82b5bf000 	C:\Windows\SYSTEM32\profapi.dll
0x00007ff80af80000 - 0x00007ff80af98000 	C:\Program Files\Java\jdk-17.0.1\bin\zip.dll
0x00007ff81f900000 - 0x00007ff81f919000 	C:\Program Files\Java\jdk-17.0.1\bin\net.dll
0x00007ff822ee0000 - 0x00007ff822fec000 	C:\Windows\SYSTEM32\WINHTTP.dll
0x00007ff82ae10000 - 0x00007ff82ae7a000 	C:\Windows\system32\mswsock.dll
0x00007ff81f3a0000 - 0x00007ff81f3b5000 	C:\Program Files\Java\jdk-17.0.1\bin\nio.dll
0x00007ff80af60000 - 0x00007ff80af7a000 	C:\Program Files\JetBrains\IntelliJ IDEA 2021.2.3\bin\breakgen64.dll
0x00007ff81b770000 - 0x00007ff81b780000 	C:\Program Files\Java\jdk-17.0.1\bin\verify.dll
0x00007ffff90a0000 - 0x00007ffff9111000 	C:\Users\Antonio Ereiz\AppData\Local\Temp\lwjglAntonio Ereiz\3.3.0-build-21\lwjgl.dll
0x00007ffff8c30000 - 0x00007ffff8c91000 	C:\Users\ANTONI~1\AppData\Local\Temp\lwjglAntonio Ereiz\3.3.0-build-21\glfw.dll
0x00007ffff8be0000 - 0x00007ffff8c25000 	C:\Windows\SYSTEM32\dinput8.dll
0x00007ff8216b0000 - 0x00007ff8216c1000 	C:\Windows\SYSTEM32\xinput1_4.dll
0x00007ff82b930000 - 0x00007ff82b97e000 	C:\Windows\System32\cfgmgr32.dll
0x00007ff82b400000 - 0x00007ff82b434000 	C:\Windows\SYSTEM32\DEVOBJ.dll
0x00007ff828c00000 - 0x00007ff828c2f000 	C:\Windows\SYSTEM32\dwmapi.dll
0x00007ff81e2f0000 - 0x00007ff81e442000 	C:\Windows\SYSTEM32\inputhost.dll
0x00007ff82c000000 - 0x00007ff82c0cd000 	C:\Windows\System32\OLEAUT32.dll
0x00007ff824e30000 - 0x00007ff824f22000 	C:\Windows\SYSTEM32\CoreMessaging.dll
0x00007ff8233d0000 - 0x00007ff8234c6000 	C:\Windows\SYSTEM32\PROPSYS.dll
0x00007ff824320000 - 0x00007ff824474000 	C:\Windows\SYSTEM32\wintypes.dll
0x00007ff824ad0000 - 0x00007ff824e2e000 	C:\Windows\SYSTEM32\CoreUIComponents.dll
0x00007ff82a350000 - 0x00007ff82a383000 	C:\Windows\SYSTEM32\ntmarta.dll
0x00007ff8289f0000 - 0x00007ff828a8e000 	C:\Windows\system32\uxtheme.dll
0x00007ff82d630000 - 0x00007ff82d746000 	C:\Windows\System32\MSCTF.dll
0x00007ff80bed0000 - 0x00007ff80bff5000 	C:\Windows\SYSTEM32\opengl32.dll
0x00007ff81aa70000 - 0x00007ff81aa9c000 	C:\Windows\SYSTEM32\GLU32.dll
0x00007ff82ced0000 - 0x00007ff82cf79000 	C:\Windows\System32\clbcatq.dll
0x00007fffcfc10000 - 0x00007fffd0afd000 	C:\Windows\System32\DriverStore\FileRepository\iigd_dch.inf_amd64_bbafec440f419cb1\ig12icd64.dll
0x00007ff82c770000 - 0x00007ff82c89a000 	C:\Windows\System32\ole32.dll
0x00007ff82a070000 - 0x00007ff82a164000 	C:\Windows\system32\dxgi.dll
0x00007ff81e520000 - 0x00007ff81e6c7000 	C:\Windows\System32\DriverStore\FileRepository\iigd_dch.inf_amd64_bbafec440f419cb1\igdgmm64.dll
0x00007ff817220000 - 0x00007ff819b0a000 	C:\Windows\System32\DriverStore\FileRepository\iigd_dch.inf_amd64_bbafec440f419cb1\igc64.dll
0x00007ff82ac20000 - 0x00007ff82ac6b000 	C:\Windows\SYSTEM32\powrprof.dll
0x00007ff82aa90000 - 0x00007ff82aaa2000 	C:\Windows\SYSTEM32\UMPDC.dll
0x00007fffd2bf0000 - 0x00007fffd2fe1000 	C:\Windows\System32\DriverStore\FileRepository\iigd_dch.inf_amd64_bbafec440f419cb1\igdml64.dll
0x00007ff81f0f0000 - 0x00007ff81f1e9000 	C:\Windows\SYSTEM32\textinputframework.dll
0x00007fffec350000 - 0x00007fffec3ad000 	C:\Users\Antonio Ereiz\AppData\Local\Temp\lwjglAntonio Ereiz\3.3.0-build-21\lwjgl_opengl.dll
0x00007fffeb300000 - 0x00007fffeb381000 	C:\Users\Antonio Ereiz\AppData\Local\Temp\lwjglAntonio Ereiz\3.3.0-build-21\lwjgl_stb.dll

dbghelp: loaded successfully - version: 4.0.5 - missing functions: none
symbol engine: initialized successfully - sym options: 0x614 - pdb path: .;C:\Program Files\Java\jdk-17.0.1\bin;C:\Windows\SYSTEM32;C:\Windows\WinSxS\amd64_microsoft.windows.common-controls_6595b64144ccf1df_6.0.19041.1110_none_60b5254171f9507e;C:\Program Files\Java\jdk-17.0.1\bin\server;C:\Program Files\JetBrains\IntelliJ IDEA 2021.2.3\bin;C:\Users\Antonio Ereiz\AppData\Local\Temp\lwjglAntonio Ereiz\3.3.0-build-21;C:\Users\ANTONI~1\AppData\Local\Temp\lwjglAntonio Ereiz\3.3.0-build-21;C:\Windows\System32\DriverStore\FileRepository\iigd_dch.inf_amd64_bbafec440f419cb1

VM Arguments:
jvm_args: -javaagent:C:\Program Files\JetBrains\IntelliJ IDEA 2021.2.3\lib\idea_rt.jar=50486:C:\Program Files\JetBrains\IntelliJ IDEA 2021.2.3\bin -Dfile.encoding=UTF-8 
java_command: launcher.Launcher
java_class_path (initial): C:\Users\Antonio Ereiz\Desktop\LWJGL\target\classes;C:\Users\Antonio Ereiz\.m2\repository\org\lwjgl\lwjgl\3.3.0\lwjgl-3.3.0.jar;C:\Users\Antonio Ereiz\.m2\repository\org\lwjgl\lwjgl-assimp\3.3.0\lwjgl-assimp-3.3.0.jar;C:\Users\Antonio Ereiz\.m2\repository\org\lwjgl\lwjgl-bgfx\3.3.0\lwjgl-bgfx-3.3.0.jar;C:\Users\Antonio Ereiz\.m2\repository\org\lwjgl\lwjgl-glfw\3.3.0\lwjgl-glfw-3.3.0.jar;C:\Users\Antonio Ereiz\.m2\repository\org\lwjgl\lwjgl-nanovg\3.3.0\lwjgl-nanovg-3.3.0.jar;C:\Users\Antonio Ereiz\.m2\repository\org\lwjgl\lwjgl-nuklear\3.3.0\lwjgl-nuklear-3.3.0.jar;C:\Users\Antonio Ereiz\.m2\repository\org\lwjgl\lwjgl-openal\3.3.0\lwjgl-openal-3.3.0.jar;C:\Users\Antonio Ereiz\.m2\repository\org\lwjgl\lwjgl-opengl\3.3.0\lwjgl-opengl-3.3.0.jar;C:\Users\Antonio Ereiz\.m2\repository\org\lwjgl\lwjgl-par\3.3.0\lwjgl-par-3.3.0.jar;C:\Users\Antonio Ereiz\.m2\repository\org\lwjgl\lwjgl-stb\3.3.0\lwjgl-stb-3.3.0.jar;C:\Users\Antonio Ereiz\.m2\repository\org\lwjgl\lwjgl-vulkan\3.3.0\lwjgl-vulkan-3.3.0.jar;C:\Users\Antonio Ereiz\.m2\repository\org\lwjgl\lwjgl\3.3.0\lwjgl-3.3.0-natives-windows.jar;C:\Users\Antonio Ereiz\.m2\repository\org\lwjgl\lwjgl-assimp\3.3.0\lwjgl-assimp-3.3.0-natives-windows.jar;C:\Users\Antonio Ereiz\.m2\repository\org\lwjgl\lwjgl-bgfx\3.3.0\lwjgl-bgfx-3.3.0-natives-windows.jar;C:\Users\Antonio Ereiz\.m2\repository\org\lwjgl\lwjgl-glfw\3.3.0\lwjgl-glfw-3.3.0-natives-windows.jar;C:\Users\Antonio Ereiz\.m2\repository\org\lwjgl\lwjgl-nanovg\3.3.0\lwjgl-nanovg-3.3.0-natives-windows.jar;C:\Users\Antonio Ereiz\.m2\repository\org\lwjgl\lwjgl-nuklear\3.3.0\lwjgl-nuklear-3.3.0-natives-windows.jar;C:\Users\Antonio Ereiz\.m2\repository\org\lwjgl\lwjgl-openal\3.3.0\lwjgl-openal-3.3.0-natives-windows.jar;C:\Users\Antonio Ereiz\.m2\repository\org\lwjgl\lwjgl-opengl\3.3.0\lwjgl-opengl-3.3.0-natives-windows.jar;C:\Users\Antonio Ereiz\.m2\repository\org\lwjgl\lwjgl-par\3.3.0\lwjgl-par-3.3.0-natives-windows.jar;C:\Users\Antonio Ereiz\.m2\reposi
Launcher Type: SUN_STANDARD

[Global flags]
     intx CICompilerCount                          = 4                                         {product} {ergonomic}
     uint ConcGCThreads                            = 2                                         {product} {ergonomic}
     uint G1ConcRefinementThreads                  = 8                                         {product} {ergonomic}
   size_t G1HeapRegionSize                         = 1048576                                   {product} {ergonomic}
    uintx GCDrainStackTargetSize                   = 64                                        {product} {ergonomic}
   size_t InitialHeapSize                          = 132120576                                 {product} {ergonomic}
   size_t MarkStackSize                            = 4194304                                   {product} {ergonomic}
   size_t MaxHeapSize                              = 2090860544                                {product} {ergonomic}
   size_t MaxNewSize                               = 1254096896                                {product} {ergonomic}
   size_t MinHeapDeltaBytes                        = 1048576                                   {product} {ergonomic}
   size_t MinHeapSize                              = 8388608                                   {product} {ergonomic}
    uintx NonNMethodCodeHeapSize                   = 5839372                                {pd product} {ergonomic}
    uintx NonProfiledCodeHeapSize                  = 122909434                              {pd product} {ergonomic}
    uintx ProfiledCodeHeapSize                     = 122909434                              {pd product} {ergonomic}
    uintx ReservedCodeCacheSize                    = 251658240                              {pd product} {ergonomic}
     bool SegmentedCodeCache                       = true                                      {product} {ergonomic}
   size_t SoftMaxHeapSize                          = 2090860544                             {manageable} {ergonomic}
     bool UseCompressedClassPointers               = true                           {product lp64_product} {ergonomic}
     bool UseCompressedOops                        = true                           {product lp64_product} {ergonomic}
     bool UseG1GC                                  = true                                      {product} {ergonomic}
     bool UseLargePagesIndividualAllocation        = false                                  {pd product} {ergonomic}

Logging:
Log output configuration:
 #0: stdout all=off uptime,level,tags
 #1: stderr all=off uptime,level,tags

Environment Variables:
PATH=C:\Program Files\Common Files\Oracle\Java\javapath;C:\Program Files (x86)\Common Files\Oracle\Java\javapath;C:\Program Files (x86)\VMware\VMware Workstation\bin\;C:\Windows\system32;C:\Windows;C:\Windows\System32\Wbem;C:\Windows\System32\WindowsPowerShell\v1.0\;C:\Windows\System32\OpenSSH\;C:\MinGW\bin;C:\Program Files\PuTTY\;C:\Users\Antonio Ereiz\AppData\Local\Programs\Python\Python310\Scripts\;C:\Users\Antonio Ereiz\AppData\Local\Programs\Python\Python310\;C:\Users\Antonio Ereiz\AppData\Local\Microsoft\WindowsApps;;C:\Program Files\JetBrains\IntelliJ IDEA 2021.2.3\bin;;C:\Users\Antonio Ereiz\AppData\Local\Programs\Microsoft VS Code\bin
USERNAME=Antonio Ereiz
OS=Windows_NT
PROCESSOR_IDENTIFIER=Intel64 Family 6 Model 140 Stepping 1, GenuineIntel



---------------  S Y S T E M  ---------------

OS:
 Windows 10 , 64 bit Build 19041 (10.0.19041.1503)
OS uptime: 17 days 0:58 hours

CPU: total 8 (initial active 8) (4 cores per cpu, 2 threads per core) family 6 model 140 stepping 1 microcode 0x8a, cx8, cmov, fxsr, ht, mmx, 3dnowpref, sse, sse2, sse3, ssse3, sse4.1, sse4.2, popcnt, lzcnt, tsc, tscinvbit, avx, avx2, aes, erms, clmul, bmi1, bmi2, adx, avx512f, avx512dq, avx512cd, avx512bw, avx512vl, sha, fma, vzeroupper, avx512_vpopcntdq, avx512_vpclmulqdq, avx512_vaes, avx512_vnni, clflush, clflushopt, clwb, avx512_vbmi2, avx512_vbmi

Memory: 4k page, system-wide physical 7971M (1790M free)
TotalPageFile size 11577M (AvailPageFile size 2121M)
current process WorkingSet (physical memory assigned to process): 164M, peak: 165M
current process commit charge ("private bytes"): 285M, peak: 287M

vm_info: Java HotSpot(TM) 64-Bit Server VM (17.0.1+12-LTS-39) for windows-amd64 JRE (17.0.1+12-LTS-39), built on Sep 27 2021 18:41:35 by "mach5one" with MS VC++ 16.8 (VS2019)

END.
