#
# A fatal error has been detected by the Java Runtime Environment:
#
#  EXCEPTION_ACCESS_VIOLATION (0xc0000005) at pc=0x00007fffc8f944e2, pid=3512, tid=13120
#
# JRE version: Java(TM) SE Runtime Environment (17.0.1+12) (build 17.0.1+12-LTS-39)
# Java VM: Java HotSpot(TM) 64-Bit Server VM (17.0.1+12-LTS-39, mixed mode, sharing, tiered, compressed oops, compressed class ptrs, g1 gc, windows-amd64)
# Problematic frame:
# C  [ig12icd64.dll+0x2744e2]
#
# No core dump will be written. Minidumps are not enabled by default on client versions of Windows
#
# If you would like to submit a bug report, please visit:
#   https://bugreport.java.com/bugreport/crash.jsp
#

---------------  S U M M A R Y ------------

Command Line: -agentlib:jdwp=transport=dt_socket,address=127.0.0.1:56690,suspend=y,server=n -javaagent:C:\Users\ANTONI~1\AppData\Local\Temp\captureAgent2jars\debugger-agent.jar -Dfile.encoding=UTF-8 launcher.Launcher

Host: 11th Gen Intel(R) Core(TM) i5-1135G7 @ 2.40GHz, 8 cores, 7G,  Windows 10 , 64 bit Build 19041 (10.0.19041.1503)
Time: Sat Mar  5 10:39:26 2022 Central European Standard Time elapsed time: 2.467504 seconds (0d 0h 0m 2s)

---------------  T H R E A D  ---------------

Current thread (0x000001927fd80410):  VMThread "VM Thread" [stack: 0x0000001598400000,0x0000001598500000] [id=13120]

Stack: [0x0000001598400000,0x0000001598500000],  sp=0x00000015984fe620,  free space=1017k
Native frames: (J=compiled Java code, j=interpreted, Vv=VM code, C=native code)
C  [ig12icd64.dll+0x2744e2]


siginfo: EXCEPTION_ACCESS_VIOLATION (0xc0000005), reading address 0x00000000000351e8


Register to memory mapping:

RIP=0x00007fffc8f944e2 ig12icd64.dll
RAX=0x0 is NULL
RBX=0x000001921bb51390 points into unknown readable memory: 0x000001927c4d38a0 | a0 38 4d 7c 92 01 00 00
RCX=0x000001921bb51490 points into unknown readable memory: 0x0000000000000028 | 28 00 00 00 00 00 00 00
RDX=0x0000000000000001 is an unknown value
RSP=0x00000015984fe620 points into unknown readable memory: 0x425e01b1355e0144 | 44 01 5e 35 b1 01 5e 42
RBP=0x00000015984fe720 points into unknown readable memory: 0x00000015984fe7a8 | a8 e7 4f 98 15 00 00 00
RSI=0x000001921bb51820 points into unknown readable memory: 0x0000000000000000 | 00 00 00 00 00 00 00 00
RDI=0x000001921b4ed9e0 points into unknown readable memory: 0x0000000000000000 | 00 00 00 00 00 00 00 00
R8 =0x000001921bb51458 points into unknown readable memory: 0x0000000000000000 | 00 00 00 00 00 00 00 00
R9 =0x0 is NULL
R10=0x0 is NULL
R11=0x0000000000000246 is an unknown value
R12=0x0 is NULL
R13=0x000001921bb51390 points into unknown readable memory: 0x000001927c4d38a0 | a0 38 4d 7c 92 01 00 00
R14=0x0 is NULL
R15=0x0 is NULL


Registers:
RAX=0x0000000000000000, RBX=0x000001921bb51390, RCX=0x000001921bb51490, RDX=0x0000000000000001
RSP=0x00000015984fe620, RBP=0x00000015984fe720, RSI=0x000001921bb51820, RDI=0x000001921b4ed9e0
R8 =0x000001921bb51458, R9 =0x0000000000000000, R10=0x0000000000000000, R11=0x0000000000000246
R12=0x0000000000000000, R13=0x000001921bb51390, R14=0x0000000000000000, R15=0x0000000000000000
RIP=0x00007fffc8f944e2, EFLAGS=0x0000000000010206

Top of Stack: (sp=0x00000015984fe620)
0x00000015984fe620:   425e01b1355e0144 6c5f014a6c5f00c4
0x00000015984fe630:   b9600156aa6000dc 3e630139fc610141
0x00000015984fe640:   0000001663000000 0000000000000000
0x00000015984fe650:   0000000000000000 bf7000b0a56f008c
0x00000015984fe660:   d8720125e8700119 000001921b5c68f0
0x00000015984fe670:   227a014f2d79012b 1a8200b8227c0126
0x00000015984fe680:   688400f4e68200ba 3b8c00d2d28a010b
0x00000015984fe690:   068f0147058d00d3 529000f33c8f0143
0x00000015984fe6a0:   6791008a5091022e 82920122969100c8
0x00000015984fe6b0:   c492015183920071 6993014705930114
0x00000015984fe6c0:   399600d4969400c7 c69a008a6999010b
0x00000015984fe6d0:   ce9b00a4569b0157 609f0127409c005c
0x00000015984fe6e0:   c89f006e8f9f00c3 b5a0011cada000ca
0x00000015984fe6f0:   d7a1012a9da1010a 0000000000000000
0x00000015984fe700:   0000000000000000 0000000000000000
0x00000015984fe710:   00000015984fe8b0 00007ff82c5dd489 

Instructions: (pc=0x00007fffc8f944e2)
0x00007fffc8f943e2:   f8 44 88 44 24 21 48 8b fa 4c 8b f1 48 89 4c 24
0x00007fffc8f943f2:   28 48 8b 1d 36 29 bc 00 48 89 5c 24 48 48 8b cb
0x00007fffc8f94402:   ff 15 f0 0c 7b 00 90 48 8b 87 80 02 00 00 48 89
0x00007fffc8f94412:   44 24 30 4c 8b 05 14 6a ac 00 41 8b 88 10 0a 00
0x00007fffc8f94422:   00 89 4c 24 24 45 32 e4 44 88 64 24 20 45 33 e4
0x00007fffc8f94432:   4c 89 a7 80 02 00 00 44 89 a7 88 02 00 00 4c 89
0x00007fffc8f94442:   a7 a0 02 00 00 4c 89 a7 90 02 00 00 4d 85 f6 75
0x00007fffc8f94452:   27 65 48 8b 0c 25 58 00 00 00 8b 05 fe fe bb 00
0x00007fffc8f94462:   41 be 08 00 00 00 48 8b 04 c1 4d 8b 34 06 4c 89
0x00007fffc8f94472:   74 24 28 48 8b 44 24 30 4c 3b 35 2f 28 bc 00 0f
0x00007fffc8f94482:   84 db 10 00 00 48 85 c0 0f 84 84 0b 00 00 48 8b
0x00007fffc8f94492:   d8 4c 8b e8 48 8d b0 90 04 00 00 48 8b 06 48 89
0x00007fffc8f944a2:   44 24 30 45 84 ff 0f 85 59 0f 00 00 8b 97 d0 01
0x00007fffc8f944b2:   00 00 41 83 b8 7c 03 00 00 02 75 31 4c 8d 83 c8
0x00007fffc8f944c2:   00 00 00 83 fa 10 0f 83 7b 08 00 00 48 6b ca 38
0x00007fffc8f944d2:   49 03 c8 48 85 c9 0f 84 df 08 00 00 48 8b 41 08
0x00007fffc8f944e2:   49 3b 86 e8 51 03 00 0f 87 28 0f 00 00 48 83 bb
0x00007fffc8f944f2:   e8 04 00 00 00 0f 85 9a c5 67 00 44 8b 8f d0 01
0x00007fffc8f94502:   00 00 48 8b 87 e8 01 00 00 4c 8b 00 8b 8f d0 01
0x00007fffc8f94512:   00 00 4c 8d b3 c8 00 00 00 83 f9 10 0f 83 62 08
0x00007fffc8f94522:   00 00 48 6b c9 38 49 03 ce 48 85 c9 0f 84 91 08
0x00007fffc8f94532:   00 00 4c 39 41 08 0f 86 87 08 00 00 48 8b 87 80
0x00007fffc8f94542:   02 00 00 48 89 06 48 89 9f 80 02 00 00 ff 87 88
0x00007fffc8f94552:   02 00 00 48 8b 4b 08 48 8b 01 ba 01 00 00 00 48
0x00007fffc8f94562:   8b 80 e0 02 00 00 ff 15 8a 10 7b 00 0f b7 c8 48
0x00007fffc8f94572:   2b c1 48 05 00 00 01 00 48 01 87 90 02 00 00 48
0x00007fffc8f94582:   8b 4b 08 48 8b 01 ba 01 00 00 00 48 8b 80 e0 02
0x00007fffc8f94592:   00 00 ff 15 5e 10 7b 00 48 01 87 a0 02 00 00 e9
0x00007fffc8f945a2:   7b 07 00 00 48 6b c6 38 49 03 c6 48 85 c0 0f 84
0x00007fffc8f945b2:   90 09 00 00 4c 89 60 10 4c 8d b7 f0 02 00 00 49
0x00007fffc8f945c2:   8b 36 48 89 74 24 78 48 b8 aa aa aa aa aa aa aa
0x00007fffc8f945d2:   0a 49 39 46 08 0f 84 d5 c5 67 00 4c 89 74 24 60 


Stack slot to memory mapping:
stack at sp + 0 slots: 0x425e01b1355e0144 is an unknown value
stack at sp + 1 slots: 0x6c5f014a6c5f00c4 is an unknown value
stack at sp + 2 slots: 0xb9600156aa6000dc is an unknown value
stack at sp + 3 slots: 0x3e630139fc610141 is an unknown value
stack at sp + 4 slots: 0x0000001663000000 is an unknown value
stack at sp + 5 slots: 0x0 is NULL
stack at sp + 6 slots: 0x0 is NULL
stack at sp + 7 slots: 0xbf7000b0a56f008c is an unknown value

VM_Operation (0x0000001598ffefc0): Exit, mode: safepoint, requested by thread 0x0000019221fe6780


---------------  P R O C E S S  ---------------

Threads class SMR info:
_java_thread_list=0x000001921b585e80, length=14, elements={
0x000001927c473200, 0x000001927fd87e00, 0x000001927fd888c0, 0x000001927fd97b60,
0x000001927fd9c840, 0x000001927fd9d910, 0x000001927fd9e1d0, 0x000001927fd9edc0,
0x000001927fda2bc0, 0x000001927fdab4d0, 0x000001921b0b5720, 0x000001921b15e7e0,
0x000001921b238960, 0x0000019221fe6780
}

Java Threads: ( => current thread )
  0x000001927c473200 JavaThread "main" [_thread_blocked, id=13680, stack(0x0000001597e00000,0x0000001597f00000)]
  0x000001927fd87e00 JavaThread "Reference Handler" daemon [_thread_blocked, id=12224, stack(0x0000001598500000,0x0000001598600000)]
  0x000001927fd888c0 JavaThread "Finalizer" daemon [_thread_blocked, id=8256, stack(0x0000001598600000,0x0000001598700000)]
  0x000001927fd97b60 JavaThread "Signal Dispatcher" daemon [_thread_blocked, id=10700, stack(0x0000001598700000,0x0000001598800000)]
  0x000001927fd9c840 JavaThread "Attach Listener" daemon [_thread_blocked, id=1380, stack(0x0000001598800000,0x0000001598900000)]
  0x000001927fd9d910 JavaThread "Service Thread" daemon [_thread_blocked, id=8376, stack(0x0000001598900000,0x0000001598a00000)]
  0x000001927fd9e1d0 JavaThread "Monitor Deflation Thread" daemon [_thread_blocked, id=7256, stack(0x0000001598a00000,0x0000001598b00000)]
  0x000001927fd9edc0 JavaThread "C2 CompilerThread0" daemon [_thread_blocked, id=14680, stack(0x0000001598b00000,0x0000001598c00000)]
  0x000001927fda2bc0 JavaThread "C1 CompilerThread0" daemon [_thread_blocked, id=12800, stack(0x0000001598c00000,0x0000001598d00000)]
  0x000001927fdab4d0 JavaThread "Sweeper thread" daemon [_thread_blocked, id=11116, stack(0x0000001598d00000,0x0000001598e00000)]
  0x000001921b0b5720 JavaThread "Common-Cleaner" daemon [_thread_blocked, id=6404, stack(0x0000001598e00000,0x0000001598f00000)]
  0x000001921b15e7e0 JavaThread "JDWP Event Helper Thread" daemon [_thread_blocked, id=10500, stack(0x0000001599000000,0x0000001599100000)]
  0x000001921b238960 JavaThread "Notification Thread" daemon [_thread_blocked, id=15424, stack(0x0000001599300000,0x0000001599400000)]
  0x0000019221fe6780 JavaThread "SIGINT handler" daemon [_thread_blocked, id=13860, stack(0x0000001598f00000,0x0000001599000000)]

Other Threads:
=>0x000001927fd80410 VMThread "VM Thread" [stack: 0x0000001598400000,0x0000001598500000] [id=13120]
  0x000001927c4b03c0 GCTaskThread "GC Thread#0" [stack: 0x0000001597f00000,0x0000001598000000] [id=11904]
  0x000001927c4c2b70 ConcurrentGCThread "G1 Main Marker" terminated
  0x000001927c4c3490 ConcurrentGCThread "G1 Conc#0" [stack: 0x0000001598100000,0x0000001598200000] [id=5144]
  0x000001927c54d9f0 ConcurrentGCThread "G1 Refine#0" terminated
  0x000001927c54e320 ConcurrentGCThread "G1 Service" terminated

Threads with active compile tasks:

VM state: at safepoint (shutting down)

VM Mutex/Monitor currently owned by a thread:  ([mutex/lock_event])
[0x000001927c46eda0] Threads_lock - owner thread: 0x000001927fd80410
[0x000001927c46e920] Heap_lock - owner thread: 0x0000019221fe6780

Heap address: 0x0000000083600000, size: 1994 MB, Compressed Oops mode: 32-bit

CDS archive(s) mapped at: [0x0000000800000000-0x0000000800bc0000-0x0000000800bc0000), size 12320768, SharedBaseAddress: 0x0000000800000000, ArchiveRelocationMode: 0.
Compressed class space mapped at: 0x0000000800c00000-0x0000000840c00000, reserved size: 1073741824
Narrow klass base: 0x0000000800000000, Narrow klass shift: 0, Narrow klass range: 0x100000000

GC Precious Log:
 CPUs: 8 total, 8 available
 Memory: 7971M
 Large Page Support: Disabled
 NUMA Support: Disabled
 Compressed Oops: Enabled (32-bit)
 Heap Region Size: 1M
 Heap Min Capacity: 8M
 Heap Initial Capacity: 126M
 Heap Max Capacity: 1994M
 Pre-touch: Disabled
 Parallel Workers: 8
 Concurrent Workers: 2
 Concurrent Refinement Workers: 8
 Periodic GC: Disabled

Heap:
 garbage-first heap   total 129024K, used 17408K [0x0000000083600000, 0x0000000100000000)
  region size 1024K, 19 young (19456K), 0 survivors (0K)
 Metaspace       used 5780K, committed 6016K, reserved 1056768K
  class space    used 283K, committed 384K, reserved 1048576K

Heap Regions: E=young(eden), S=young(survivor), O=old, HS=humongous(starts), HC=humongous(continues), CS=collection set, F=free, OA=open archive, CA=closed archive, TAMS=top-at-mark-start (previous, next)
|   0|0x0000000083600000, 0x0000000083600000, 0x0000000083700000|  0%| F|  |TAMS 0x0000000083600000, 0x0000000083600000| Untracked 
|   1|0x0000000083700000, 0x0000000083700000, 0x0000000083800000|  0%| F|  |TAMS 0x0000000083700000, 0x0000000083700000| Untracked 
|   2|0x0000000083800000, 0x0000000083800000, 0x0000000083900000|  0%| F|  |TAMS 0x0000000083800000, 0x0000000083800000| Untracked 
|   3|0x0000000083900000, 0x0000000083900000, 0x0000000083a00000|  0%| F|  |TAMS 0x0000000083900000, 0x0000000083900000| Untracked 
|   4|0x0000000083a00000, 0x0000000083a00000, 0x0000000083b00000|  0%| F|  |TAMS 0x0000000083a00000, 0x0000000083a00000| Untracked 
|   5|0x0000000083b00000, 0x0000000083b00000, 0x0000000083c00000|  0%| F|  |TAMS 0x0000000083b00000, 0x0000000083b00000| Untracked 
|   6|0x0000000083c00000, 0x0000000083c00000, 0x0000000083d00000|  0%| F|  |TAMS 0x0000000083c00000, 0x0000000083c00000| Untracked 
|   7|0x0000000083d00000, 0x0000000083d00000, 0x0000000083e00000|  0%| F|  |TAMS 0x0000000083d00000, 0x0000000083d00000| Untracked 
|   8|0x0000000083e00000, 0x0000000083e00000, 0x0000000083f00000|  0%| F|  |TAMS 0x0000000083e00000, 0x0000000083e00000| Untracked 
|   9|0x0000000083f00000, 0x0000000083f00000, 0x0000000084000000|  0%| F|  |TAMS 0x0000000083f00000, 0x0000000083f00000| Untracked 
|  10|0x0000000084000000, 0x0000000084000000, 0x0000000084100000|  0%| F|  |TAMS 0x0000000084000000, 0x0000000084000000| Untracked 
|  11|0x0000000084100000, 0x0000000084100000, 0x0000000084200000|  0%| F|  |TAMS 0x0000000084100000, 0x0000000084100000| Untracked 
|  12|0x0000000084200000, 0x0000000084200000, 0x0000000084300000|  0%| F|  |TAMS 0x0000000084200000, 0x0000000084200000| Untracked 
|  13|0x0000000084300000, 0x0000000084300000, 0x0000000084400000|  0%| F|  |TAMS 0x0000000084300000, 0x0000000084300000| Untracked 
|  14|0x0000000084400000, 0x0000000084400000, 0x0000000084500000|  0%| F|  |TAMS 0x0000000084400000, 0x0000000084400000| Untracked 
|  15|0x0000000084500000, 0x0000000084500000, 0x0000000084600000|  0%| F|  |TAMS 0x0000000084500000, 0x0000000084500000| Untracked 
|  16|0x0000000084600000, 0x0000000084600000, 0x0000000084700000|  0%| F|  |TAMS 0x0000000084600000, 0x0000000084600000| Untracked 
|  17|0x0000000084700000, 0x0000000084700000, 0x0000000084800000|  0%| F|  |TAMS 0x0000000084700000, 0x0000000084700000| Untracked 
|  18|0x0000000084800000, 0x0000000084800000, 0x0000000084900000|  0%| F|  |TAMS 0x0000000084800000, 0x0000000084800000| Untracked 
|  19|0x0000000084900000, 0x0000000084900000, 0x0000000084a00000|  0%| F|  |TAMS 0x0000000084900000, 0x0000000084900000| Untracked 
|  20|0x0000000084a00000, 0x0000000084a00000, 0x0000000084b00000|  0%| F|  |TAMS 0x0000000084a00000, 0x0000000084a00000| Untracked 
|  21|0x0000000084b00000, 0x0000000084b00000, 0x0000000084c00000|  0%| F|  |TAMS 0x0000000084b00000, 0x0000000084b00000| Untracked 
|  22|0x0000000084c00000, 0x0000000084c00000, 0x0000000084d00000|  0%| F|  |TAMS 0x0000000084c00000, 0x0000000084c00000| Untracked 
|  23|0x0000000084d00000, 0x0000000084d00000, 0x0000000084e00000|  0%| F|  |TAMS 0x0000000084d00000, 0x0000000084d00000| Untracked 
|  24|0x0000000084e00000, 0x0000000084e00000, 0x0000000084f00000|  0%| F|  |TAMS 0x0000000084e00000, 0x0000000084e00000| Untracked 
|  25|0x0000000084f00000, 0x0000000084f00000, 0x0000000085000000|  0%| F|  |TAMS 0x0000000084f00000, 0x0000000084f00000| Untracked 
|  26|0x0000000085000000, 0x0000000085000000, 0x0000000085100000|  0%| F|  |TAMS 0x0000000085000000, 0x0000000085000000| Untracked 
|  27|0x0000000085100000, 0x0000000085100000, 0x0000000085200000|  0%| F|  |TAMS 0x0000000085100000, 0x0000000085100000| Untracked 
|  28|0x0000000085200000, 0x0000000085200000, 0x0000000085300000|  0%| F|  |TAMS 0x0000000085200000, 0x0000000085200000| Untracked 
|  29|0x0000000085300000, 0x0000000085300000, 0x0000000085400000|  0%| F|  |TAMS 0x0000000085300000, 0x0000000085300000| Untracked 
|  30|0x0000000085400000, 0x0000000085400000, 0x0000000085500000|  0%| F|  |TAMS 0x0000000085400000, 0x0000000085400000| Untracked 
|  31|0x0000000085500000, 0x0000000085500000, 0x0000000085600000|  0%| F|  |TAMS 0x0000000085500000, 0x0000000085500000| Untracked 
|  32|0x0000000085600000, 0x0000000085600000, 0x0000000085700000|  0%| F|  |TAMS 0x0000000085600000, 0x0000000085600000| Untracked 
|  33|0x0000000085700000, 0x0000000085700000, 0x0000000085800000|  0%| F|  |TAMS 0x0000000085700000, 0x0000000085700000| Untracked 
|  34|0x0000000085800000, 0x0000000085800000, 0x0000000085900000|  0%| F|  |TAMS 0x0000000085800000, 0x0000000085800000| Untracked 
|  35|0x0000000085900000, 0x0000000085900000, 0x0000000085a00000|  0%| F|  |TAMS 0x0000000085900000, 0x0000000085900000| Untracked 
|  36|0x0000000085a00000, 0x0000000085a00000, 0x0000000085b00000|  0%| F|  |TAMS 0x0000000085a00000, 0x0000000085a00000| Untracked 
|  37|0x0000000085b00000, 0x0000000085b00000, 0x0000000085c00000|  0%| F|  |TAMS 0x0000000085b00000, 0x0000000085b00000| Untracked 
|  38|0x0000000085c00000, 0x0000000085c00000, 0x0000000085d00000|  0%| F|  |TAMS 0x0000000085c00000, 0x0000000085c00000| Untracked 
|  39|0x0000000085d00000, 0x0000000085d00000, 0x0000000085e00000|  0%| F|  |TAMS 0x0000000085d00000, 0x0000000085d00000| Untracked 
|  40|0x0000000085e00000, 0x0000000085e00000, 0x0000000085f00000|  0%| F|  |TAMS 0x0000000085e00000, 0x0000000085e00000| Untracked 
|  41|0x0000000085f00000, 0x0000000085f00000, 0x0000000086000000|  0%| F|  |TAMS 0x0000000085f00000, 0x0000000085f00000| Untracked 
|  42|0x0000000086000000, 0x0000000086000000, 0x0000000086100000|  0%| F|  |TAMS 0x0000000086000000, 0x0000000086000000| Untracked 
|  43|0x0000000086100000, 0x0000000086100000, 0x0000000086200000|  0%| F|  |TAMS 0x0000000086100000, 0x0000000086100000| Untracked 
|  44|0x0000000086200000, 0x0000000086200000, 0x0000000086300000|  0%| F|  |TAMS 0x0000000086200000, 0x0000000086200000| Untracked 
|  45|0x0000000086300000, 0x0000000086300000, 0x0000000086400000|  0%| F|  |TAMS 0x0000000086300000, 0x0000000086300000| Untracked 
|  46|0x0000000086400000, 0x0000000086400000, 0x0000000086500000|  0%| F|  |TAMS 0x0000000086400000, 0x0000000086400000| Untracked 
|  47|0x0000000086500000, 0x0000000086500000, 0x0000000086600000|  0%| F|  |TAMS 0x0000000086500000, 0x0000000086500000| Untracked 
|  48|0x0000000086600000, 0x0000000086600000, 0x0000000086700000|  0%| F|  |TAMS 0x0000000086600000, 0x0000000086600000| Untracked 
|  49|0x0000000086700000, 0x0000000086700000, 0x0000000086800000|  0%| F|  |TAMS 0x0000000086700000, 0x0000000086700000| Untracked 
|  50|0x0000000086800000, 0x0000000086800000, 0x0000000086900000|  0%| F|  |TAMS 0x0000000086800000, 0x0000000086800000| Untracked 
|  51|0x0000000086900000, 0x0000000086900000, 0x0000000086a00000|  0%| F|  |TAMS 0x0000000086900000, 0x0000000086900000| Untracked 
|  52|0x0000000086a00000, 0x0000000086a00000, 0x0000000086b00000|  0%| F|  |TAMS 0x0000000086a00000, 0x0000000086a00000| Untracked 
|  53|0x0000000086b00000, 0x0000000086b00000, 0x0000000086c00000|  0%| F|  |TAMS 0x0000000086b00000, 0x0000000086b00000| Untracked 
|  54|0x0000000086c00000, 0x0000000086c00000, 0x0000000086d00000|  0%| F|  |TAMS 0x0000000086c00000, 0x0000000086c00000| Untracked 
|  55|0x0000000086d00000, 0x0000000086d00000, 0x0000000086e00000|  0%| F|  |TAMS 0x0000000086d00000, 0x0000000086d00000| Untracked 
|  56|0x0000000086e00000, 0x0000000086e00000, 0x0000000086f00000|  0%| F|  |TAMS 0x0000000086e00000, 0x0000000086e00000| Untracked 
|  57|0x0000000086f00000, 0x0000000086f00000, 0x0000000087000000|  0%| F|  |TAMS 0x0000000086f00000, 0x0000000086f00000| Untracked 
|  58|0x0000000087000000, 0x0000000087000000, 0x0000000087100000|  0%| F|  |TAMS 0x0000000087000000, 0x0000000087000000| Untracked 
|  59|0x0000000087100000, 0x0000000087100000, 0x0000000087200000|  0%| F|  |TAMS 0x0000000087100000, 0x0000000087100000| Untracked 
|  60|0x0000000087200000, 0x0000000087200000, 0x0000000087300000|  0%| F|  |TAMS 0x0000000087200000, 0x0000000087200000| Untracked 
|  61|0x0000000087300000, 0x0000000087300000, 0x0000000087400000|  0%| F|  |TAMS 0x0000000087300000, 0x0000000087300000| Untracked 
|  62|0x0000000087400000, 0x0000000087400000, 0x0000000087500000|  0%| F|  |TAMS 0x0000000087400000, 0x0000000087400000| Untracked 
|  63|0x0000000087500000, 0x0000000087500000, 0x0000000087600000|  0%| F|  |TAMS 0x0000000087500000, 0x0000000087500000| Untracked 
|  64|0x0000000087600000, 0x0000000087600000, 0x0000000087700000|  0%| F|  |TAMS 0x0000000087600000, 0x0000000087600000| Untracked 
|  65|0x0000000087700000, 0x0000000087700000, 0x0000000087800000|  0%| F|  |TAMS 0x0000000087700000, 0x0000000087700000| Untracked 
|  66|0x0000000087800000, 0x0000000087800000, 0x0000000087900000|  0%| F|  |TAMS 0x0000000087800000, 0x0000000087800000| Untracked 
|  67|0x0000000087900000, 0x0000000087900000, 0x0000000087a00000|  0%| F|  |TAMS 0x0000000087900000, 0x0000000087900000| Untracked 
|  68|0x0000000087a00000, 0x0000000087a00000, 0x0000000087b00000|  0%| F|  |TAMS 0x0000000087a00000, 0x0000000087a00000| Untracked 
|  69|0x0000000087b00000, 0x0000000087b00000, 0x0000000087c00000|  0%| F|  |TAMS 0x0000000087b00000, 0x0000000087b00000| Untracked 
|  70|0x0000000087c00000, 0x0000000087c00000, 0x0000000087d00000|  0%| F|  |TAMS 0x0000000087c00000, 0x0000000087c00000| Untracked 
|  71|0x0000000087d00000, 0x0000000087d00000, 0x0000000087e00000|  0%| F|  |TAMS 0x0000000087d00000, 0x0000000087d00000| Untracked 
|  72|0x0000000087e00000, 0x0000000087e00000, 0x0000000087f00000|  0%| F|  |TAMS 0x0000000087e00000, 0x0000000087e00000| Untracked 
|  73|0x0000000087f00000, 0x0000000087f00000, 0x0000000088000000|  0%| F|  |TAMS 0x0000000087f00000, 0x0000000087f00000| Untracked 
|  74|0x0000000088000000, 0x0000000088000000, 0x0000000088100000|  0%| F|  |TAMS 0x0000000088000000, 0x0000000088000000| Untracked 
|  75|0x0000000088100000, 0x0000000088100000, 0x0000000088200000|  0%| F|  |TAMS 0x0000000088100000, 0x0000000088100000| Untracked 
|  76|0x0000000088200000, 0x0000000088200000, 0x0000000088300000|  0%| F|  |TAMS 0x0000000088200000, 0x0000000088200000| Untracked 
|  77|0x0000000088300000, 0x0000000088300000, 0x0000000088400000|  0%| F|  |TAMS 0x0000000088300000, 0x0000000088300000| Untracked 
|  78|0x0000000088400000, 0x0000000088400000, 0x0000000088500000|  0%| F|  |TAMS 0x0000000088400000, 0x0000000088400000| Untracked 
|  79|0x0000000088500000, 0x0000000088500000, 0x0000000088600000|  0%| F|  |TAMS 0x0000000088500000, 0x0000000088500000| Untracked 
|  80|0x0000000088600000, 0x0000000088600000, 0x0000000088700000|  0%| F|  |TAMS 0x0000000088600000, 0x0000000088600000| Untracked 
|  81|0x0000000088700000, 0x0000000088700000, 0x0000000088800000|  0%| F|  |TAMS 0x0000000088700000, 0x0000000088700000| Untracked 
|  82|0x0000000088800000, 0x0000000088800000, 0x0000000088900000|  0%| F|  |TAMS 0x0000000088800000, 0x0000000088800000| Untracked 
|  83|0x0000000088900000, 0x0000000088900000, 0x0000000088a00000|  0%| F|  |TAMS 0x0000000088900000, 0x0000000088900000| Untracked 
|  84|0x0000000088a00000, 0x0000000088a00000, 0x0000000088b00000|  0%| F|  |TAMS 0x0000000088a00000, 0x0000000088a00000| Untracked 
|  85|0x0000000088b00000, 0x0000000088b00000, 0x0000000088c00000|  0%| F|  |TAMS 0x0000000088b00000, 0x0000000088b00000| Untracked 
|  86|0x0000000088c00000, 0x0000000088c00000, 0x0000000088d00000|  0%| F|  |TAMS 0x0000000088c00000, 0x0000000088c00000| Untracked 
|  87|0x0000000088d00000, 0x0000000088d00000, 0x0000000088e00000|  0%| F|  |TAMS 0x0000000088d00000, 0x0000000088d00000| Untracked 
|  88|0x0000000088e00000, 0x0000000088e00000, 0x0000000088f00000|  0%| F|  |TAMS 0x0000000088e00000, 0x0000000088e00000| Untracked 
|  89|0x0000000088f00000, 0x0000000088f00000, 0x0000000089000000|  0%| F|  |TAMS 0x0000000088f00000, 0x0000000088f00000| Untracked 
|  90|0x0000000089000000, 0x0000000089000000, 0x0000000089100000|  0%| F|  |TAMS 0x0000000089000000, 0x0000000089000000| Untracked 
|  91|0x0000000089100000, 0x0000000089100000, 0x0000000089200000|  0%| F|  |TAMS 0x0000000089100000, 0x0000000089100000| Untracked 
|  92|0x0000000089200000, 0x0000000089200000, 0x0000000089300000|  0%| F|  |TAMS 0x0000000089200000, 0x0000000089200000| Untracked 
|  93|0x0000000089300000, 0x0000000089300000, 0x0000000089400000|  0%| F|  |TAMS 0x0000000089300000, 0x0000000089300000| Untracked 
|  94|0x0000000089400000, 0x0000000089400000, 0x0000000089500000|  0%| F|  |TAMS 0x0000000089400000, 0x0000000089400000| Untracked 
|  95|0x0000000089500000, 0x0000000089500000, 0x0000000089600000|  0%| F|  |TAMS 0x0000000089500000, 0x0000000089500000| Untracked 
|  96|0x0000000089600000, 0x0000000089600000, 0x0000000089700000|  0%| F|  |TAMS 0x0000000089600000, 0x0000000089600000| Untracked 
|  97|0x0000000089700000, 0x0000000089700000, 0x0000000089800000|  0%| F|  |TAMS 0x0000000089700000, 0x0000000089700000| Untracked 
|  98|0x0000000089800000, 0x0000000089800000, 0x0000000089900000|  0%| F|  |TAMS 0x0000000089800000, 0x0000000089800000| Untracked 
|  99|0x0000000089900000, 0x0000000089900000, 0x0000000089a00000|  0%| F|  |TAMS 0x0000000089900000, 0x0000000089900000| Untracked 
| 100|0x0000000089a00000, 0x0000000089a00000, 0x0000000089b00000|  0%| F|  |TAMS 0x0000000089a00000, 0x0000000089a00000| Untracked 
| 101|0x0000000089b00000, 0x0000000089b00000, 0x0000000089c00000|  0%| F|  |TAMS 0x0000000089b00000, 0x0000000089b00000| Untracked 
| 102|0x0000000089c00000, 0x0000000089c00000, 0x0000000089d00000|  0%| F|  |TAMS 0x0000000089c00000, 0x0000000089c00000| Untracked 
| 103|0x0000000089d00000, 0x0000000089d00000, 0x0000000089e00000|  0%| F|  |TAMS 0x0000000089d00000, 0x0000000089d00000| Untracked 
| 104|0x0000000089e00000, 0x0000000089e00000, 0x0000000089f00000|  0%| F|  |TAMS 0x0000000089e00000, 0x0000000089e00000| Untracked 
| 105|0x0000000089f00000, 0x0000000089f00000, 0x000000008a000000|  0%| F|  |TAMS 0x0000000089f00000, 0x0000000089f00000| Untracked 
| 106|0x000000008a000000, 0x000000008a000000, 0x000000008a100000|  0%| F|  |TAMS 0x000000008a000000, 0x000000008a000000| Untracked 
| 107|0x000000008a100000, 0x000000008a1ec080, 0x000000008a200000| 92%| E|  |TAMS 0x000000008a100000, 0x000000008a100000| Complete 
| 108|0x000000008a200000, 0x000000008a300000, 0x000000008a300000|100%| E|CS|TAMS 0x000000008a200000, 0x000000008a200000| Complete 
| 109|0x000000008a300000, 0x000000008a400000, 0x000000008a400000|100%| E|CS|TAMS 0x000000008a300000, 0x000000008a300000| Complete 
| 110|0x000000008a400000, 0x000000008a500000, 0x000000008a500000|100%| E|CS|TAMS 0x000000008a400000, 0x000000008a400000| Complete 
| 111|0x000000008a500000, 0x000000008a600000, 0x000000008a600000|100%| E|CS|TAMS 0x000000008a500000, 0x000000008a500000| Complete 
| 112|0x000000008a600000, 0x000000008a700000, 0x000000008a700000|100%| E|CS|TAMS 0x000000008a600000, 0x000000008a600000| Complete 
| 113|0x000000008a700000, 0x000000008a800000, 0x000000008a800000|100%| E|  |TAMS 0x000000008a700000, 0x000000008a700000| Complete 
| 114|0x000000008a800000, 0x000000008a900000, 0x000000008a900000|100%| E|CS|TAMS 0x000000008a800000, 0x000000008a800000| Complete 
| 115|0x000000008a900000, 0x000000008aa00000, 0x000000008aa00000|100%| E|CS|TAMS 0x000000008a900000, 0x000000008a900000| Complete 
| 116|0x000000008aa00000, 0x000000008ab00000, 0x000000008ab00000|100%| E|CS|TAMS 0x000000008aa00000, 0x000000008aa00000| Complete 
| 117|0x000000008ab00000, 0x000000008ac00000, 0x000000008ac00000|100%| E|CS|TAMS 0x000000008ab00000, 0x000000008ab00000| Complete 
| 118|0x000000008ac00000, 0x000000008ad00000, 0x000000008ad00000|100%| E|CS|TAMS 0x000000008ac00000, 0x000000008ac00000| Complete 
| 119|0x000000008ad00000, 0x000000008ae00000, 0x000000008ae00000|100%| E|CS|TAMS 0x000000008ad00000, 0x000000008ad00000| Complete 
| 120|0x000000008ae00000, 0x000000008af00000, 0x000000008af00000|100%| E|CS|TAMS 0x000000008ae00000, 0x000000008ae00000| Complete 
| 121|0x000000008af00000, 0x000000008b000000, 0x000000008b000000|100%| E|CS|TAMS 0x000000008af00000, 0x000000008af00000| Complete 
| 122|0x000000008b000000, 0x000000008b100000, 0x000000008b100000|100%| E|CS|TAMS 0x000000008b000000, 0x000000008b000000| Complete 
| 123|0x000000008b100000, 0x000000008b200000, 0x000000008b200000|100%| E|CS|TAMS 0x000000008b100000, 0x000000008b100000| Complete 
| 124|0x000000008b200000, 0x000000008b300000, 0x000000008b300000|100%| E|CS|TAMS 0x000000008b200000, 0x000000008b200000| Complete 
| 125|0x000000008b300000, 0x000000008b400000, 0x000000008b400000|100%| E|CS|TAMS 0x000000008b300000, 0x000000008b300000| Complete 

Card table byte_map: [0x000001927cc70000,0x000001927d060000] _byte_map_base: 0x000001927c855000

Marking Bits (Prev, Next): (CMBitMap*) 0x000001927c4b18f0, (CMBitMap*) 0x000001927c4b1930
 Prev Bits: [0x000001927d450000, 0x000001927f378000)
 Next Bits: [0x0000019216730000, 0x0000019218658000)

Polling page: 0x000001927a5e0000

Metaspace:

Usage:
  Non-class:      5.37 MB used.
      Class:    283.78 KB used.
       Both:      5.65 MB used.

Virtual space:
  Non-class space:        8.00 MB reserved,       5.50 MB ( 69%) committed,  1 nodes.
      Class space:        1.00 GB reserved,     384.00 KB ( <1%) committed,  1 nodes.
             Both:        1.01 GB reserved,       5.88 MB ( <1%) committed. 

Chunk freelists:
   Non-Class:  48.00 KB
       Class:  3.55 MB
        Both:  3.60 MB

MaxMetaspaceSize: unlimited
CompressedClassSpaceSize: 1.00 GB
Initial GC threshold: 21.00 MB
Current GC threshold: 21.00 MB
CDS: on
MetaspaceReclaimPolicy: balanced
 - commit_granule_bytes: 65536.
 - commit_granule_words: 8192.
 - virtual_space_node_default_size: 1048576.
 - enlarge_chunks_in_place: 1.
 - new_chunks_are_fully_committed: 0.
 - uncommit_free_chunks: 1.
 - use_allocation_guard: 0.
 - handle_deallocations: 1.


Internal statistics:

num_allocs_failed_limit: 0.
num_arena_births: 92.
num_arena_deaths: 0.
num_vsnodes_births: 2.
num_vsnodes_deaths: 0.
num_space_committed: 92.
num_space_uncommitted: 0.
num_chunks_returned_to_freelist: 0.
num_chunks_taken_from_freelist: 269.
num_chunk_merges: 0.
num_chunk_splits: 183.
num_chunks_enlarged: 130.
num_purges: 0.
num_inconsistent_stats: 0.

CodeHeap 'non-profiled nmethods': size=120000Kb used=255Kb max_used=255Kb free=119744Kb
 bounds [0x000001920f200000, 0x000001920f470000, 0x0000019216730000]
CodeHeap 'profiled nmethods': size=120000Kb used=1292Kb max_used=1292Kb free=118707Kb
 bounds [0x0000019207cd0000, 0x0000019207f40000, 0x000001920f200000]
CodeHeap 'non-nmethods': size=5760Kb used=1687Kb max_used=1702Kb free=4072Kb
 bounds [0x0000019207730000, 0x00000192079a0000, 0x0000019207cd0000]
 total_blobs=1849 nmethods=808 adapters=954
 compilation: enabled
              stopped_count=0, restarted_count=0
 full_count=0

Compilation events (20 events):
Event: 2.402 Thread 0x000001927fda2bc0  798       3       java.lang.invoke.LambdaForm$NamedFunction::returnType (11 bytes)
Event: 2.403 Thread 0x000001927fda2bc0 nmethod 798 0x0000019207e0cd90 code [0x0000019207e0cf80, 0x0000019207e0d408]
Event: 2.403 Thread 0x000001927fda2bc0  799       3       java.lang.invoke.LambdaForm::internArgument (85 bytes)
Event: 2.403 Thread 0x000001927fda2bc0 nmethod 799 0x0000019207e0d610 code [0x0000019207e0d7e0, 0x0000019207e0db68]
Event: 2.403 Thread 0x000001927fda2bc0  800       3       jdk.internal.misc.Unsafe::ensureClassInitialized (18 bytes)
Event: 2.403 Thread 0x000001927fda2bc0 nmethod 800 0x0000019207e0dd10 code [0x0000019207e0dec0, 0x0000019207e0e118]
Event: 2.421 Thread 0x000001927fda2bc0  802       1       java.lang.reflect.Field::getName (5 bytes)
Event: 2.421 Thread 0x000001927fd9edc0  803       4       java.lang.String::substring (58 bytes)
Event: 2.421 Thread 0x000001927fda2bc0 nmethod 802 0x000001920f23ed10 code [0x000001920f23eea0, 0x000001920f23ef78]
Event: 2.421 Thread 0x000001927fda2bc0  804       3       java.util.jar.Attributes::getValue (9 bytes)
Event: 2.422 Thread 0x000001927fda2bc0 nmethod 804 0x0000019207e0e210 code [0x0000019207e0e3c0, 0x0000019207e0e708]
Event: 2.422 Thread 0x000001927fda2bc0  805       3       java.util.jar.Attributes::get (11 bytes)
Event: 2.422 Thread 0x000001927fda2bc0 nmethod 805 0x0000019207e0e810 code [0x0000019207e0e9c0, 0x0000019207e0eba8]
Event: 2.428 Thread 0x000001927fd9edc0 nmethod 803 0x000001920f23f010 code [0x000001920f23f1a0, 0x000001920f23f6f8]
Event: 2.430 Thread 0x000001927fda2bc0  806       3       java.io.FilterInputStream::<init> (10 bytes)
Event: 2.430 Thread 0x000001927fda2bc0 nmethod 806 0x0000019207e0ec90 code [0x0000019207e0ee40, 0x0000019207e0f078]
Event: 2.430 Thread 0x000001927fda2bc0  809   !   3       java.util.concurrent.ConcurrentHashMap::computeIfAbsent (576 bytes)
Event: 2.433 Thread 0x000001927fda2bc0 nmethod 809 0x0000019207e0f190 code [0x0000019207e0f5c0, 0x0000019207e11d58]
Event: 2.433 Thread 0x000001927fda2bc0  807       3       java.lang.ref.Reference::clear (5 bytes)
Event: 2.433 Thread 0x000001927fda2bc0 nmethod 807 0x0000019207e12f90 code [0x0000019207e13120, 0x0000019207e13268]

GC Heap History (0 events):
No events

Deoptimization events (20 events):
Event: 0.510 Thread 0x000001927c473200 Uncommon trap: trap_request=0xffffff54 fr.pc=0x000001920f22e0ec relative=0x000000000000006c
Event: 0.510 Thread 0x000001927c473200 Uncommon trap: reason=speculate_null_assert action=make_not_entrant pc=0x000001920f22e0ec method=sun.misc.Unsafe.putLong(Ljava/lang/Object;JJ)V @ 7 c2
Event: 0.510 Thread 0x000001927c473200 DEOPT PACKING pc=0x000001920f22e0ec sp=0x0000001597efec10
Event: 0.510 Thread 0x000001927c473200 DEOPT UNPACKING pc=0x0000019207785c23 sp=0x0000001597efeba8 mode 2
Event: 0.614 Thread 0x000001927c473200 Uncommon trap: trap_request=0xffffff45 fr.pc=0x000001920f2340f8 relative=0x0000000000000358
Event: 0.614 Thread 0x000001927c473200 Uncommon trap: reason=unstable_if action=reinterpret pc=0x000001920f2340f8 method=java.lang.StringLatin1.newString([BII)Ljava/lang/String; @ 1 c2
Event: 0.614 Thread 0x000001927c473200 DEOPT PACKING pc=0x000001920f2340f8 sp=0x0000001597efe710
Event: 0.614 Thread 0x000001927c473200 DEOPT UNPACKING pc=0x0000019207785c23 sp=0x0000001597efe710 mode 2
Event: 0.614 Thread 0x000001927c473200 Uncommon trap: trap_request=0xffffff45 fr.pc=0x000001920f22d51c relative=0x000000000000055c
Event: 0.614 Thread 0x000001927c473200 Uncommon trap: reason=unstable_if action=reinterpret pc=0x000001920f22d51c method=java.lang.AbstractStringBuilder.putStringAt(ILjava/lang/String;II)V @ 8 c2
Event: 0.614 Thread 0x000001927c473200 DEOPT PACKING pc=0x000001920f22d51c sp=0x0000001597efeb00
Event: 0.614 Thread 0x000001927c473200 DEOPT UNPACKING pc=0x0000019207785c23 sp=0x0000001597efe9c8 mode 2
Event: 0.614 Thread 0x000001927c473200 Uncommon trap: trap_request=0xffffff45 fr.pc=0x000001920f236918 relative=0x0000000000000558
Event: 0.614 Thread 0x000001927c473200 Uncommon trap: reason=unstable_if action=reinterpret pc=0x000001920f236918 method=java.lang.AbstractStringBuilder.putStringAt(ILjava/lang/String;II)V @ 8 c2
Event: 0.614 Thread 0x000001927c473200 DEOPT PACKING pc=0x000001920f236918 sp=0x0000001597efeab0
Event: 0.614 Thread 0x000001927c473200 DEOPT UNPACKING pc=0x0000019207785c23 sp=0x0000001597efe9d0 mode 2
Event: 0.614 Thread 0x000001927c473200 Uncommon trap: trap_request=0xffffff45 fr.pc=0x000001920f2153e0 relative=0x0000000000000060
Event: 0.614 Thread 0x000001927c473200 Uncommon trap: reason=unstable_if action=reinterpret pc=0x000001920f2153e0 method=java.lang.AbstractStringBuilder.isLatin1()Z @ 10 c2
Event: 0.614 Thread 0x000001927c473200 DEOPT PACKING pc=0x000001920f2153e0 sp=0x0000001597efe960
Event: 0.614 Thread 0x000001927c473200 DEOPT UNPACKING pc=0x0000019207785c23 sp=0x0000001597efe900 mode 2

Classes unloaded (0 events):
No events

Classes redefined (0 events):
No events

Internal exceptions (20 events):
Event: 0.237 Thread 0x000001927c473200 Exception <a 'java/lang/NoSuchMethodError'{0x000000008aedec48}: 'void java.lang.invoke.DirectMethodHandle$Holder.invokeSpecial(java.lang.Object, java.lang.Object, java.lang.Object)'> (0x000000008aedec48) 
thrown [t:\workspace\open\src\hotspot\share\interpreter\linkResolver.cpp, line 766]
Event: 0.240 Thread 0x000001927c473200 Exception <a 'java/lang/NoSuchMethodError'{0x000000008aef89e0}: 'java.lang.Object java.lang.invoke.DirectMethodHandle$Holder.invokeStatic(java.lang.Object, java.lang.Object, int)'> (0x000000008aef89e0) 
thrown [t:\workspace\open\src\hotspot\share\interpreter\linkResolver.cpp, line 766]
Event: 0.241 Thread 0x000001927c473200 Exception <a 'java/lang/NoSuchMethodError'{0x000000008ad051a8}: 'void java.lang.invoke.DelegatingMethodHandle$Holder.delegate(java.lang.Object, java.lang.Object, int, java.lang.Object)'> (0x000000008ad051a8) 
thrown [t:\workspace\open\src\hotspot\share\interpreter\linkResolver.cpp, line 766]
Event: 0.242 Thread 0x000001927c473200 Exception <a 'java/lang/NoSuchMethodError'{0x000000008ad09190}: 'int java.lang.invoke.DirectMethodHandle$Holder.invokeSpecial(java.lang.Object, java.lang.Object, java.lang.Object)'> (0x000000008ad09190) 
thrown [t:\workspace\open\src\hotspot\share\interpreter\linkResolver.cpp, line 766]
Event: 0.274 Thread 0x000001927c473200 Exception <a 'sun/nio/fs/WindowsException'{0x000000008add1d68}> (0x000000008add1d68) 
thrown [t:\workspace\open\src\hotspot\share\prims\jni.cpp, line 516]
Event: 0.275 Thread 0x000001927c473200 Exception <a 'sun/nio/fs/WindowsException'{0x000000008add33d0}> (0x000000008add33d0) 
thrown [t:\workspace\open\src\hotspot\share\prims\jni.cpp, line 516]
Event: 0.286 Thread 0x000001927c473200 Exception <a 'java/lang/NoSuchMethodError'{0x000000008ac226a0}: 'int java.lang.invoke.DirectMethodHandle$Holder.invokeStaticInit(java.lang.Object, java.lang.Object, int, long)'> (0x000000008ac226a0) 
thrown [t:\workspace\open\src\hotspot\share\interpreter\linkResolver.cpp, line 766]
Event: 0.287 Thread 0x000001927c473200 Exception <a 'java/lang/NoSuchMethodError'{0x000000008ac27f68}: 'java.lang.Object java.lang.invoke.DirectMethodHandle$Holder.newInvokeSpecial(java.lang.Object, java.lang.Object, int)'> (0x000000008ac27f68) 
thrown [t:\workspace\open\src\hotspot\share\interpreter\linkResolver.cpp, line 766]
Event: 0.289 Thread 0x000001927c473200 Exception <a 'java/lang/NoSuchMethodError'{0x000000008ac38348}: 'int java.lang.invoke.DirectMethodHandle$Holder.invokeStaticInit(java.lang.Object, java.lang.Object, long, long)'> (0x000000008ac38348) 
thrown [t:\workspace\open\src\hotspot\share\interpreter\linkResolver.cpp, line 766]
Event: 0.289 Thread 0x000001927c473200 Exception <a 'java/lang/NoSuchMethodError'{0x000000008ac3e458}: 'java.lang.Object java.lang.invoke.DirectMethodHandle$Holder.newInvokeSpecial(java.lang.Object, java.lang.Object, long)'> (0x000000008ac3e458) 
thrown [t:\workspace\open\src\hotspot\share\interpreter\linkResolver.cpp, line 766]
Event: 0.290 Thread 0x000001927c473200 Exception <a 'java/lang/NoSuchMethodError'{0x000000008ac424a0}: 'java.lang.Object java.lang.invoke.Invokers$Holder.linkToTargetMethod(java.lang.Object, long, java.lang.Object)'> (0x000000008ac424a0) 
thrown [t:\workspace\open\src\hotspot\share\interpreter\linkResolver.cpp, line 766]
Event: 0.290 Thread 0x000001927c473200 Exception <a 'java/lang/NoSuchMethodError'{0x000000008ac49bb8}: 'int java.lang.invoke.DirectMethodHandle$Holder.invokeStaticInit(java.lang.Object, java.lang.Object, java.lang.Object, long)'> (0x000000008ac49bb8) 
thrown [t:\workspace\open\src\hotspot\share\interpreter\linkResolver.cpp, line 766]
Event: 0.311 Thread 0x000001927c473200 Exception <a 'sun/nio/fs/WindowsException'{0x000000008ab0b900}> (0x000000008ab0b900) 
thrown [t:\workspace\open\src\hotspot\share\prims\jni.cpp, line 516]
Event: 0.311 Thread 0x000001927c473200 Exception <a 'sun/nio/fs/WindowsException'{0x000000008ab0bcb0}> (0x000000008ab0bcb0) 
thrown [t:\workspace\open\src\hotspot\share\prims\jni.cpp, line 516]
Event: 0.485 Thread 0x000001927c473200 Exception <a 'sun/nio/fs/WindowsException'{0x000000008aa02b08}> (0x000000008aa02b08) 
thrown [t:\workspace\open\src\hotspot\share\prims\jni.cpp, line 516]
Event: 0.486 Thread 0x000001927c473200 Exception <a 'sun/nio/fs/WindowsException'{0x000000008aa02ef8}> (0x000000008aa02ef8) 
thrown [t:\workspace\open\src\hotspot\share\prims\jni.cpp, line 516]
Event: 0.489 Thread 0x000001927c473200 Exception <a 'sun/nio/fs/WindowsException'{0x000000008aa0b578}> (0x000000008aa0b578) 
thrown [t:\workspace\open\src\hotspot\share\prims\jni.cpp, line 516]
Event: 0.490 Thread 0x000001927c473200 Exception <a 'sun/nio/fs/WindowsException'{0x000000008aa0b8a0}> (0x000000008aa0b8a0) 
thrown [t:\workspace\open\src\hotspot\share\prims\jni.cpp, line 516]
Event: 0.645 Thread 0x000001927c473200 Exception <a 'sun/nio/fs/WindowsException'{0x000000008a4b39e0}> (0x000000008a4b39e0) 
thrown [t:\workspace\open\src\hotspot\share\prims\jni.cpp, line 516]
Event: 0.645 Thread 0x000001927c473200 Exception <a 'sun/nio/fs/WindowsException'{0x000000008a4b3da0}> (0x000000008a4b3da0) 
thrown [t:\workspace\open\src\hotspot\share\prims\jni.cpp, line 516]

VM Operations (20 events):
Event: 0.266 Executing VM operation: HandshakeAllThreads done
Event: 0.280 Executing VM operation: ChangeBreakpoints
Event: 0.281 Executing VM operation: ChangeBreakpoints done
Event: 0.281 Executing VM operation: ChangeBreakpoints
Event: 0.281 Executing VM operation: ChangeBreakpoints done
Event: 0.362 Executing VM operation: ChangeBreakpoints
Event: 0.362 Executing VM operation: ChangeBreakpoints done
Event: 0.751 Executing VM operation: get/set locals
Event: 0.751 Executing VM operation: get/set locals done
Event: 2.395 Executing VM operation: ChangeBreakpoints
Event: 2.395 Executing VM operation: ChangeBreakpoints done
Event: 2.395 Executing VM operation: ChangeBreakpoints
Event: 2.395 Executing VM operation: ChangeBreakpoints done
Event: 2.395 Executing VM operation: ChangeBreakpoints
Event: 2.395 Executing VM operation: ChangeBreakpoints done
Event: 2.396 Executing VM operation: ChangeBreakpoints
Event: 2.396 Executing VM operation: ChangeBreakpoints done
Event: 2.396 Executing VM operation: ChangeBreakpoints
Event: 2.396 Executing VM operation: ChangeBreakpoints done
Event: 2.443 Executing VM operation: Exit

Events (20 events):
Event: 2.404 loading class org/joml/Math done
Event: 2.406 loading class org/joml/MemUtil
Event: 2.406 loading class org/joml/MemUtil done
Event: 2.407 loading class org/joml/ConfigurationException
Event: 2.407 loading class org/joml/ConfigurationException done
Event: 2.407 loading class org/joml/MemUtil$MemUtilNIO
Event: 2.407 loading class org/joml/MemUtil$MemUtilNIO done
Event: 2.409 loading class org/joml/MemUtil$MemUtilUnsafe
Event: 2.409 loading class org/joml/MemUtil$MemUtilUnsafe done
Event: 2.419 loading class java/lang/SecurityException
Event: 2.419 loading class java/lang/SecurityException done
Event: 2.421 loading class org/joml/Matrix4d
Event: 2.421 loading class org/joml/Matrix4d done
Event: 2.424 loading class org/joml/Matrix4dc
Event: 2.424 loading class org/joml/Matrix4dc done
Event: 2.430 loading class org/joml/Vector4dc
Event: 2.430 loading class org/joml/Vector4dc done
Event: 2.443 loading class jdk/internal/misc/Signal$1
Event: 2.443 loading class jdk/internal/misc/Signal$1 done
Event: 2.443 Thread 0x0000019221fe6780 Thread added: 0x0000019221fe6780


Dynamic libraries:
0x00007ff6f5a40000 - 0x00007ff6f5a50000 	C:\Program Files\Java\jdk-17.0.1\bin\java.exe
0x00007ff82df50000 - 0x00007ff82e145000 	C:\Windows\SYSTEM32\ntdll.dll
0x00007ff82c3c0000 - 0x00007ff82c47e000 	C:\Windows\System32\KERNEL32.DLL
0x00007ff82b660000 - 0x00007ff82b928000 	C:\Windows\System32\KERNELBASE.dll
0x00007ff82bd90000 - 0x00007ff82be90000 	C:\Windows\System32\ucrtbase.dll
0x00007ff8216a0000 - 0x00007ff8216b8000 	C:\Program Files\Java\jdk-17.0.1\bin\jli.dll
0x00007ff81ad10000 - 0x00007ff81ad2a000 	C:\Program Files\Java\jdk-17.0.1\bin\VCRUNTIME140.dll
0x00007ff82c510000 - 0x00007ff82c5be000 	C:\Windows\System32\ADVAPI32.dll
0x00007ff82c0d0000 - 0x00007ff82c16e000 	C:\Windows\System32\msvcrt.dll
0x00007ff82d590000 - 0x00007ff82d62c000 	C:\Windows\System32\sechost.dll
0x00007ff82cda0000 - 0x00007ff82cec5000 	C:\Windows\System32\RPCRT4.dll
0x00007ff82c5c0000 - 0x00007ff82c760000 	C:\Windows\System32\USER32.dll
0x00007ff8165a0000 - 0x00007ff81683a000 	C:\Windows\WinSxS\amd64_microsoft.windows.common-controls_6595b64144ccf1df_6.0.19041.1110_none_60b5254171f9507e\COMCTL32.dll
0x00007ff82bb40000 - 0x00007ff82bb62000 	C:\Windows\System32\win32u.dll
0x00007ff82c390000 - 0x00007ff82c3bb000 	C:\Windows\System32\GDI32.dll
0x00007ff82be90000 - 0x00007ff82bf9d000 	C:\Windows\System32\gdi32full.dll
0x00007ff82b9f0000 - 0x00007ff82ba8d000 	C:\Windows\System32\msvcp_win.dll
0x00007ff81fb30000 - 0x00007ff81fb3a000 	C:\Windows\SYSTEM32\VERSION.dll
0x00007ff82cd00000 - 0x00007ff82cd30000 	C:\Windows\System32\IMM32.DLL
0x00007ff821ac0000 - 0x00007ff821acc000 	C:\Program Files\Java\jdk-17.0.1\bin\vcruntime140_1.dll
0x00007fffe52a0000 - 0x00007fffe532d000 	C:\Program Files\Java\jdk-17.0.1\bin\msvcp140.dll
0x00007fffca880000 - 0x00007fffcb43e000 	C:\Program Files\Java\jdk-17.0.1\bin\server\jvm.dll
0x00007ff82d750000 - 0x00007ff82d758000 	C:\Windows\System32\PSAPI.DLL
0x00007ff811920000 - 0x00007ff811947000 	C:\Windows\SYSTEM32\WINMM.dll
0x00007ff824520000 - 0x00007ff824529000 	C:\Windows\SYSTEM32\WSOCK32.dll
0x00007ff82cd30000 - 0x00007ff82cd9b000 	C:\Windows\System32\WS2_32.dll
0x00007ff829ee0000 - 0x00007ff829ef2000 	C:\Windows\SYSTEM32\kernel.appcore.dll
0x00007ff8218a0000 - 0x00007ff8218aa000 	C:\Program Files\Java\jdk-17.0.1\bin\jimage.dll
0x00007ff829a30000 - 0x00007ff829c14000 	C:\Windows\SYSTEM32\DBGHELP.DLL
0x00007ff80dee0000 - 0x00007ff80df0c000 	C:\Windows\SYSTEM32\dbgcore.DLL
0x00007ff82bcd0000 - 0x00007ff82bd52000 	C:\Windows\System32\bcryptPrimitives.dll
0x00007fffef1f0000 - 0x00007fffef22b000 	C:\Program Files\Java\jdk-17.0.1\bin\jdwp.dll
0x00007ff815510000 - 0x00007ff81551e000 	C:\Program Files\Java\jdk-17.0.1\bin\instrument.dll
0x00007ff80ae80000 - 0x00007ff80aea5000 	C:\Program Files\Java\jdk-17.0.1\bin\java.dll
0x00007fffe51c0000 - 0x00007fffe5296000 	C:\Program Files\Java\jdk-17.0.1\bin\svml.dll
0x00007ff82d760000 - 0x00007ff82dea4000 	C:\Windows\System32\SHELL32.dll
0x00007ff829290000 - 0x00007ff829a24000 	C:\Windows\SYSTEM32\windows.storage.dll
0x00007ff82c9a0000 - 0x00007ff82ccf5000 	C:\Windows\System32\combase.dll
0x00007ff82b0b0000 - 0x00007ff82b0de000 	C:\Windows\SYSTEM32\Wldp.dll
0x00007ff82d060000 - 0x00007ff82d10d000 	C:\Windows\System32\SHCORE.dll
0x00007ff82bfa0000 - 0x00007ff82bff5000 	C:\Windows\System32\shlwapi.dll
0x00007ff82b5a0000 - 0x00007ff82b5bf000 	C:\Windows\SYSTEM32\profapi.dll
0x00007ff814240000 - 0x00007ff81424c000 	C:\Program Files\Java\jdk-17.0.1\bin\dt_socket.dll
0x00007ff82aab0000 - 0x00007ff82aaeb000 	C:\Windows\SYSTEM32\IPHLPAPI.DLL
0x00007ff82ae10000 - 0x00007ff82ae7a000 	C:\Windows\system32\mswsock.dll
0x00007ff801140000 - 0x00007ff801158000 	C:\Program Files\Java\jdk-17.0.1\bin\zip.dll
0x00007ff80ae60000 - 0x00007ff80ae79000 	C:\Program Files\Java\jdk-17.0.1\bin\net.dll
0x00007ff822ee0000 - 0x00007ff822fec000 	C:\Windows\SYSTEM32\WINHTTP.dll
0x00007ff80a210000 - 0x00007ff80a225000 	C:\Program Files\Java\jdk-17.0.1\bin\nio.dll
0x00007ff813f40000 - 0x00007ff813f50000 	C:\Program Files\Java\jdk-17.0.1\bin\verify.dll
0x00007fffeba10000 - 0x00007fffeba81000 	C:\Users\Antonio Ereiz\AppData\Local\Temp\lwjglAntonio Ereiz\3.3.0-build-21\lwjgl.dll
0x00007fffe09f0000 - 0x00007fffe0a51000 	C:\Users\ANTONI~1\AppData\Local\Temp\lwjglAntonio Ereiz\3.3.0-build-21\glfw.dll
0x00007fffeda20000 - 0x00007fffeda65000 	C:\Windows\SYSTEM32\dinput8.dll
0x00007ff800220000 - 0x00007ff800231000 	C:\Windows\SYSTEM32\xinput1_4.dll
0x00007ff82b930000 - 0x00007ff82b97e000 	C:\Windows\System32\cfgmgr32.dll
0x00007ff82b400000 - 0x00007ff82b434000 	C:\Windows\SYSTEM32\DEVOBJ.dll
0x00007ff828c00000 - 0x00007ff828c2f000 	C:\Windows\SYSTEM32\dwmapi.dll
0x00007ff81f500000 - 0x00007ff81f652000 	C:\Windows\SYSTEM32\inputhost.dll
0x00007ff82c000000 - 0x00007ff82c0cd000 	C:\Windows\System32\OLEAUT32.dll
0x00007ff824e30000 - 0x00007ff824f22000 	C:\Windows\SYSTEM32\CoreMessaging.dll
0x00007ff8233d0000 - 0x00007ff8234c6000 	C:\Windows\SYSTEM32\PROPSYS.dll
0x00007ff824320000 - 0x00007ff824474000 	C:\Windows\SYSTEM32\wintypes.dll
0x00007ff824ad0000 - 0x00007ff824e2e000 	C:\Windows\SYSTEM32\CoreUIComponents.dll
0x00007ff82a350000 - 0x00007ff82a383000 	C:\Windows\SYSTEM32\ntmarta.dll
0x00007ff8289f0000 - 0x00007ff828a8e000 	C:\Windows\system32\uxtheme.dll
0x00007ff82d630000 - 0x00007ff82d746000 	C:\Windows\System32\MSCTF.dll
0x00007ff80eaa0000 - 0x00007ff80ebc5000 	C:\Windows\SYSTEM32\opengl32.dll
0x00007ff81ae00000 - 0x00007ff81ae2c000 	C:\Windows\SYSTEM32\GLU32.dll
0x00007ff82ced0000 - 0x00007ff82cf79000 	C:\Windows\System32\clbcatq.dll
0x00007fffc8d20000 - 0x00007fffc9c0d000 	C:\Windows\System32\DriverStore\FileRepository\iigd_dch.inf_amd64_bbafec440f419cb1\ig12icd64.dll
0x00007ff82c770000 - 0x00007ff82c89a000 	C:\Windows\System32\ole32.dll
0x00007ff82a070000 - 0x00007ff82a164000 	C:\Windows\system32\dxgi.dll
0x00007ff81e520000 - 0x00007ff81e6c7000 	C:\Windows\System32\DriverStore\FileRepository\iigd_dch.inf_amd64_bbafec440f419cb1\igdgmm64.dll
0x00007ff817220000 - 0x00007ff819b0a000 	C:\Windows\System32\DriverStore\FileRepository\iigd_dch.inf_amd64_bbafec440f419cb1\igc64.dll
0x00007ff82ac20000 - 0x00007ff82ac6b000 	C:\Windows\SYSTEM32\powrprof.dll
0x00007ff82aa90000 - 0x00007ff82aaa2000 	C:\Windows\SYSTEM32\UMPDC.dll
0x00007fffd17f0000 - 0x00007fffd1be1000 	C:\Windows\System32\DriverStore\FileRepository\iigd_dch.inf_amd64_bbafec440f419cb1\igdml64.dll
0x00007ff81f8c0000 - 0x00007ff81f9b9000 	C:\Windows\SYSTEM32\textinputframework.dll
0x00007fffd8450000 - 0x00007fffd84ad000 	C:\Users\Antonio Ereiz\AppData\Local\Temp\lwjglAntonio Ereiz\3.3.0-build-21\lwjgl_opengl.dll
0x00007fffd7360000 - 0x00007fffd73e1000 	C:\Users\Antonio Ereiz\AppData\Local\Temp\lwjglAntonio Ereiz\3.3.0-build-21\lwjgl_stb.dll

dbghelp: loaded successfully - version: 4.0.5 - missing functions: none
symbol engine: initialized successfully - sym options: 0x614 - pdb path: .;C:\Program Files\Java\jdk-17.0.1\bin;C:\Windows\SYSTEM32;C:\Windows\WinSxS\amd64_microsoft.windows.common-controls_6595b64144ccf1df_6.0.19041.1110_none_60b5254171f9507e;C:\Program Files\Java\jdk-17.0.1\bin\server;C:\Users\Antonio Ereiz\AppData\Local\Temp\lwjglAntonio Ereiz\3.3.0-build-21;C:\Users\ANTONI~1\AppData\Local\Temp\lwjglAntonio Ereiz\3.3.0-build-21;C:\Windows\System32\DriverStore\FileRepository\iigd_dch.inf_amd64_bbafec440f419cb1

VM Arguments:
jvm_args: -agentlib:jdwp=transport=dt_socket,address=127.0.0.1:56690,suspend=y,server=n -javaagent:C:\Users\ANTONI~1\AppData\Local\Temp\captureAgent2jars\debugger-agent.jar -Dfile.encoding=UTF-8 
java_command: launcher.Launcher
java_class_path (initial): C:\Users\Antonio Ereiz\Desktop\LWJGL\target\classes;C:\Users\Antonio Ereiz\.m2\repository\org\lwjgl\lwjgl\3.3.0\lwjgl-3.3.0.jar;C:\Users\Antonio Ereiz\.m2\repository\org\lwjgl\lwjgl-assimp\3.3.0\lwjgl-assimp-3.3.0.jar;C:\Users\Antonio Ereiz\.m2\repository\org\lwjgl\lwjgl-bgfx\3.3.0\lwjgl-bgfx-3.3.0.jar;C:\Users\Antonio Ereiz\.m2\repository\org\lwjgl\lwjgl-glfw\3.3.0\lwjgl-glfw-3.3.0.jar;C:\Users\Antonio Ereiz\.m2\repository\org\lwjgl\lwjgl-nanovg\3.3.0\lwjgl-nanovg-3.3.0.jar;C:\Users\Antonio Ereiz\.m2\repository\org\lwjgl\lwjgl-nuklear\3.3.0\lwjgl-nuklear-3.3.0.jar;C:\Users\Antonio Ereiz\.m2\repository\org\lwjgl\lwjgl-openal\3.3.0\lwjgl-openal-3.3.0.jar;C:\Users\Antonio Ereiz\.m2\repository\org\lwjgl\lwjgl-opengl\3.3.0\lwjgl-opengl-3.3.0.jar;C:\Users\Antonio Ereiz\.m2\repository\org\lwjgl\lwjgl-par\3.3.0\lwjgl-par-3.3.0.jar;C:\Users\Antonio Ereiz\.m2\repository\org\lwjgl\lwjgl-stb\3.3.0\lwjgl-stb-3.3.0.jar;C:\Users\Antonio Ereiz\.m2\repository\org\lwjgl\lwjgl-vulkan\3.3.0\lwjgl-vulkan-3.3.0.jar;C:\Users\Antonio Ereiz\.m2\repository\org\lwjgl\lwjgl\3.3.0\lwjgl-3.3.0-natives-windows.jar;C:\Users\Antonio Ereiz\.m2\repository\org\lwjgl\lwjgl-assimp\3.3.0\lwjgl-assimp-3.3.0-natives-windows.jar;C:\Users\Antonio Ereiz\.m2\repository\org\lwjgl\lwjgl-bgfx\3.3.0\lwjgl-bgfx-3.3.0-natives-windows.jar;C:\Users\Antonio Ereiz\.m2\repository\org\lwjgl\lwjgl-glfw\3.3.0\lwjgl-glfw-3.3.0-natives-windows.jar;C:\Users\Antonio Ereiz\.m2\repository\org\lwjgl\lwjgl-nanovg\3.3.0\lwjgl-nanovg-3.3.0-natives-windows.jar;C:\Users\Antonio Ereiz\.m2\repository\org\lwjgl\lwjgl-nuklear\3.3.0\lwjgl-nuklear-3.3.0-natives-windows.jar;C:\Users\Antonio Ereiz\.m2\repository\org\lwjgl\lwjgl-openal\3.3.0\lwjgl-openal-3.3.0-natives-windows.jar;C:\Users\Antonio Ereiz\.m2\repository\org\lwjgl\lwjgl-opengl\3.3.0\lwjgl-opengl-3.3.0-natives-windows.jar;C:\Users\Antonio Ereiz\.m2\repository\org\lwjgl\lwjgl-par\3.3.0\lwjgl-par-3.3.0-natives-windows.jar;C:\Users\Antonio Ereiz\.m2\reposi
Launcher Type: SUN_STANDARD

[Global flags]
     intx CICompilerCount                          = 4                                         {product} {ergonomic}
     uint ConcGCThreads                            = 2                                         {product} {ergonomic}
     uint G1ConcRefinementThreads                  = 8                                         {product} {ergonomic}
   size_t G1HeapRegionSize                         = 1048576                                   {product} {ergonomic}
    uintx GCDrainStackTargetSize                   = 64                                        {product} {ergonomic}
   size_t InitialHeapSize                          = 132120576                                 {product} {ergonomic}
   size_t MarkStackSize                            = 4194304                                   {product} {ergonomic}
   size_t MaxHeapSize                              = 2090860544                                {product} {ergonomic}
   size_t MaxNewSize                               = 1254096896                                {product} {ergonomic}
   size_t MinHeapDeltaBytes                        = 1048576                                   {product} {ergonomic}
   size_t MinHeapSize                              = 8388608                                   {product} {ergonomic}
    uintx NonNMethodCodeHeapSize                   = 5839372                                {pd product} {ergonomic}
    uintx NonProfiledCodeHeapSize                  = 122909434                              {pd product} {ergonomic}
    uintx ProfiledCodeHeapSize                     = 122909434                              {pd product} {ergonomic}
    uintx ReservedCodeCacheSize                    = 251658240                              {pd product} {ergonomic}
     bool SegmentedCodeCache                       = true                                      {product} {ergonomic}
   size_t SoftMaxHeapSize                          = 2090860544                             {manageable} {ergonomic}
     bool UseCompressedClassPointers               = true                           {product lp64_product} {ergonomic}
     bool UseCompressedOops                        = true                           {product lp64_product} {ergonomic}
     bool UseG1GC                                  = true                                      {product} {ergonomic}
     bool UseLargePagesIndividualAllocation        = false                                  {pd product} {ergonomic}

Logging:
Log output configuration:
 #0: stdout all=off uptime,level,tags
 #1: stderr all=off uptime,level,tags

Environment Variables:
PATH=C:\Program Files\Common Files\Oracle\Java\javapath;C:\Program Files (x86)\Common Files\Oracle\Java\javapath;C:\Program Files (x86)\VMware\VMware Workstation\bin\;C:\Windows\system32;C:\Windows;C:\Windows\System32\Wbem;C:\Windows\System32\WindowsPowerShell\v1.0\;C:\Windows\System32\OpenSSH\;C:\MinGW\bin;C:\Program Files\PuTTY\;C:\Users\Antonio Ereiz\AppData\Local\Programs\Python\Python310\Scripts\;C:\Users\Antonio Ereiz\AppData\Local\Programs\Python\Python310\;C:\Users\Antonio Ereiz\AppData\Local\Microsoft\WindowsApps;;C:\Program Files\JetBrains\IntelliJ IDEA 2021.2.3\bin;;C:\Users\Antonio Ereiz\AppData\Local\Programs\Microsoft VS Code\bin
USERNAME=Antonio Ereiz
OS=Windows_NT
PROCESSOR_IDENTIFIER=Intel64 Family 6 Model 140 Stepping 1, GenuineIntel



---------------  S Y S T E M  ---------------

OS:
 Windows 10 , 64 bit Build 19041 (10.0.19041.1503)
OS uptime: 19 days 14:47 hours

CPU: total 8 (initial active 8) (4 cores per cpu, 2 threads per core) family 6 model 140 stepping 1 microcode 0x8a, cx8, cmov, fxsr, ht, mmx, 3dnowpref, sse, sse2, sse3, ssse3, sse4.1, sse4.2, popcnt, lzcnt, tsc, tscinvbit, avx, avx2, aes, erms, clmul, bmi1, bmi2, adx, avx512f, avx512dq, avx512cd, avx512bw, avx512vl, sha, fma, vzeroupper, avx512_vpopcntdq, avx512_vpclmulqdq, avx512_vaes, avx512_vnni, clflush, clflushopt, clwb, avx512_vbmi2, avx512_vbmi

Memory: 4k page, system-wide physical 7971M (1792M free)
TotalPageFile size 14571M (AvailPageFile size 1883M)
current process WorkingSet (physical memory assigned to process): 166M, peak: 166M
current process commit charge ("private bytes"): 287M, peak: 289M

vm_info: Java HotSpot(TM) 64-Bit Server VM (17.0.1+12-LTS-39) for windows-amd64 JRE (17.0.1+12-LTS-39), built on Sep 27 2021 18:41:35 by "mach5one" with MS VC++ 16.8 (VS2019)

END.
